{"target": -9.14513632184657, "params": {"bagging_fraction": 0.9034595767693179, "feature_fraction": 0.8681775622888885, "lambda_l1": 3.8272987969845347, "lambda_l2": 0.8471875319013381, "learning_rate": 0.029894082693548735, "max_depth": 138.81330662130603, "min_child_weight": 1.6713920310005626, "min_split_gain": 0.03985180418003804, "n_estimators": 3128.456501538765, "num_leaves": 211.84574648078552}, "datetime": {"datetime": "2019-05-27 10:08:54", "elapsed": 0.0, "delta": 0.0}}
{"target": -9.153595426128243, "params": {"bagging_fraction": 0.8004929762401772, "feature_fraction": 0.830419309423263, "lambda_l1": 4.424737691882368, "lambda_l2": 0.9012290680994428, "learning_rate": 0.06306236786932432, "max_depth": 195.79324862289204, "min_child_weight": 8.450938221263112, "min_split_gain": 0.007442468466662155, "n_estimators": 1544.2478771150913, "num_leaves": 151.08787607395075}, "datetime": {"datetime": "2019-05-27 10:10:13", "elapsed": 79.145845, "delta": 79.145845}}
{"target": -9.174561353882208, "params": {"bagging_fraction": 0.9644932678206866, "feature_fraction": 0.6757098227761478, "lambda_l1": 0.5523885695683689, "lambda_l2": 0.0015864335078281666, "learning_rate": 0.09479496095699497, "max_depth": 32.592647756412006, "min_child_weight": 4.215965261661597, "min_split_gain": 0.03530245457470588, "n_estimators": 4361.9469135461895, "num_leaves": 220.0148880526203}, "datetime": {"datetime": "2019-05-27 10:11:23", "elapsed": 149.208279, "delta": 70.062434}}
{"target": -9.169224720265616, "params": {"bagging_fraction": 0.9657502968645512, "feature_fraction": 0.730711102935623, "lambda_l1": 0.5961334709206134, "lambda_l2": 1.7891525181288266, "learning_rate": 0.0216780667934662, "max_depth": 20.11914788679955, "min_child_weight": 8.312052556904181, "min_split_gain": 0.04697417586324005, "n_estimators": 893.8611471134699, "num_leaves": 278.5078931255733}, "datetime": {"datetime": "2019-05-27 10:12:48", "elapsed": 234.621466, "delta": 85.413187}}
{"target": -9.157985451473127, "params": {"bagging_fraction": 0.9176971643684685, "feature_fraction": 0.7641679014454406, "lambda_l1": 3.2792272900345165, "lambda_l2": 1.673120278435269, "learning_rate": 0.0260422539913129, "max_depth": 51.913788587512556, "min_child_weight": 5.060546323688593, "min_split_gain": 0.04027782418415308, "n_estimators": 2466.9704086704132, "num_leaves": 478.3125221332111}, "datetime": {"datetime": "2019-05-27 10:15:01", "elapsed": 366.843463, "delta": 132.221997}}
{"target": -9.220043537115899, "params": {"bagging_fraction": 0.9803204385614761, "feature_fraction": 0.6034555931865091, "lambda_l1": 4.103507425814574, "lambda_l2": 2.4831477782249434, "learning_rate": 0.0308650012841849, "max_depth": 20.415819848961434, "min_child_weight": 4.657629264790665, "min_split_gain": 0.08801860503202305, "n_estimators": 822.7649876586819, "num_leaves": 123.31313960215849}, "datetime": {"datetime": "2019-05-27 10:16:05", "elapsed": 430.860328, "delta": 64.016865}}
{"target": -9.308472616921103, "params": {"bagging_fraction": 0.983589161140786, "feature_fraction": 0.3774381165637024, "lambda_l1": 4.582038610329198, "lambda_l2": 0.7043926527338912, "learning_rate": 0.06543880917755522, "max_depth": 190.55961320024653, "min_child_weight": 2.5513081972233587, "min_split_gain": 0.04557525968615405, "n_estimators": 4865.33712408982, "num_leaves": 127.29178909920294}, "datetime": {"datetime": "2019-05-27 10:16:38", "elapsed": 463.998073, "delta": 33.137745}}
{"target": -9.161576147617465, "params": {"bagging_fraction": 0.8397362605389258, "feature_fraction": 0.7127678261526166, "lambda_l1": 4.22504597334536, "lambda_l2": 1.3599485454504152, "learning_rate": 0.01912330247832656, "max_depth": 126.45535425776949, "min_child_weight": 0.8347593685978472, "min_split_gain": 0.0062734423702448154, "n_estimators": 1792.844542098058, "num_leaves": 453.68286035669394}, "datetime": {"datetime": "2019-05-27 10:18:40", "elapsed": 586.639408, "delta": 122.641335}}
{"target": -9.227995019662536, "params": {"bagging_fraction": 0.9597200414701412, "feature_fraction": 0.5305361656490584, "lambda_l1": 0.46363002233272776, "lambda_l2": 0.3801750288597212, "learning_rate": 0.058095755310787776, "max_depth": 103.92431842965787, "min_child_weight": 5.035347736778055, "min_split_gain": 0.013534070792780732, "n_estimators": 3977.3238961761026, "num_leaves": 302.0651145203678}, "datetime": {"datetime": "2019-05-27 10:19:32", "elapsed": 638.545279, "delta": 51.905871}}
{"target": -9.257774312947426, "params": {"bagging_fraction": 0.951553874539834, "feature_fraction": 0.5756184551328791, "lambda_l1": 0.3722960243225165, "lambda_l2": 1.8074635303994961, "learning_rate": 0.04920392525647329, "max_depth": 6.253518409002016, "min_child_weight": 0.4662987836169319, "min_split_gain": 0.04245549760058541, "n_estimators": 4403.502690525429, "num_leaves": 222.17866972116414}, "datetime": {"datetime": "2019-05-27 10:19:56", "elapsed": 661.814327, "delta": 23.269048}}
