{"target": -9.14475559203373, "params": {"bagging_fraction": 0.8793598402793572, "feature_fraction": 0.4078032295111238, "lambda_l1": 0.4587465597360385, "lambda_l2": 2.799361860860298, "learning_rate": 0.05091662770107467, "max_depth": 63.74944812965875, "min_child_weight": 2.2784077369818547, "min_split_gain": 0.07314991572606996, "n_estimators": 1422.8709806564616, "num_leaves": 377.4132044499616}, "datetime": {"datetime": "2019-05-27 17:20:39", "elapsed": 3452.940007, "delta": 62.562908}}
{"target": -9.132424377891668, "params": {"bagging_fraction": 0.838600640148913, "feature_fraction": 0.5535339313020031, "lambda_l1": 4.025494868016747, "lambda_l2": 2.573082675499225, "learning_rate": 0.0939795038303531, "max_depth": 102.05601267764578, "min_child_weight": 7.1566704875425815, "min_split_gain": 0.04255182322118369, "n_estimators": 578.0543951466689, "num_leaves": 261.25852829995154}, "datetime": {"datetime": "2019-05-27 17:21:26", "elapsed": 3499.661059, "delta": 46.721052}}
{"target": -9.119178141038923, "params": {"bagging_fraction": 0.8616465009875989, "feature_fraction": 0.3397359633169406, "lambda_l1": 1.731501312093822, "lambda_l2": 0.9887635804224203, "learning_rate": 0.061268400373980486, "max_depth": 155.07549821654652, "min_child_weight": 6.094266785851481, "min_split_gain": 0.054723025313927906, "n_estimators": 906.4426018333971, "num_leaves": 62.474206579147975}, "datetime": {"datetime": "2019-05-27 17:21:48", "elapsed": 3521.670507, "delta": 22.009448}}
{"target": -9.110446916209124, "params": {"bagging_fraction": 0.8382224395551119, "feature_fraction": 0.7347725489373957, "lambda_l1": 1.2142472746864652, "lambda_l2": 2.308462257383811, "learning_rate": 0.06939671323486656, "max_depth": 159.78720933787167, "min_child_weight": 3.1434967098598876, "min_split_gain": 0.07439811646130247, "n_estimators": 2735.2203941387147, "num_leaves": 146.6734647589371}, "datetime": {"datetime": "2019-05-27 17:22:32", "elapsed": 3566.161689, "delta": 44.491182}}
{"target": -9.093328703749325, "params": {"bagging_fraction": 0.9049897062869616, "feature_fraction": 0.8620323254912301, "lambda_l1": 4.0318984265992395, "lambda_l2": 0.1445548463465005, "learning_rate": 0.022065528560788104, "max_depth": 7.679438705383621, "min_child_weight": 1.8085637652095798, "min_split_gain": 0.017168126440524466, "n_estimators": 4239.866481824178, "num_leaves": 119.44314695078799}, "datetime": {"datetime": "2019-05-27 17:23:55", "elapsed": 3648.943897, "delta": 82.782208}}
{"target": -9.113709268653029, "params": {"bagging_fraction": 0.8872695396190705, "feature_fraction": 0.42681312435855, "lambda_l1": 2.2905710148414773, "lambda_l2": 2.877095632511169, "learning_rate": 0.0815510009451773, "max_depth": 6.6653590791012185, "min_child_weight": 9.340837224745297, "min_split_gain": 0.01645899502990965, "n_estimators": 1139.4143813935193, "num_leaves": 91.66006094689237}, "datetime": {"datetime": "2019-05-27 17:24:18", "elapsed": 3671.728635, "delta": 22.784738}}
{"target": -9.161606528884558, "params": {"bagging_fraction": 1.0, "feature_fraction": 0.9, "lambda_l1": 1.595151050830076e-10, "lambda_l2": 0.0, "learning_rate": 0.1, "max_depth": 200.0, "min_child_weight": 0.18895472542076008, "min_split_gain": 0.1, "n_estimators": 100.00000000016296, "num_leaves": 500.0}, "datetime": {"datetime": "2019-05-27 17:25:21", "elapsed": 3735.238788, "delta": 63.510153}}
{"target": -9.11936293667026, "params": {"bagging_fraction": 0.9858568149865081, "feature_fraction": 0.730869772358977, "lambda_l1": 0.6190340996777915, "lambda_l2": 0.5212664575831525, "learning_rate": 0.053764313866320766, "max_depth": 193.47579714399527, "min_child_weight": 2.409402817155483, "min_split_gain": 0.024407887584805665, "n_estimators": 3960.476244327982, "num_leaves": 12.98420724922228}, "datetime": {"datetime": "2019-05-27 17:26:15", "elapsed": 3788.660377, "delta": 53.421589}}
{"target": -9.100997202564882, "params": {"bagging_fraction": 0.9965204441597819, "feature_fraction": 0.6664407462271372, "lambda_l1": 4.1680694668905325, "lambda_l2": 0.5293082448471587, "learning_rate": 0.024578411510828884, "max_depth": 6.075369654472037, "min_child_weight": 1.467593962802537, "min_split_gain": 0.09766134924051108, "n_estimators": 747.3813547623033, "num_leaves": 496.4423526300855}, "datetime": {"datetime": "2019-05-27 17:27:25", "elapsed": 3858.953288, "delta": 70.292911}}
{"target": -9.111045001135485, "params": {"bagging_fraction": 0.8149206130615656, "feature_fraction": 0.5422898923441022, "lambda_l1": 1.1213970403252216, "lambda_l2": 1.2697651703395976, "learning_rate": 0.09265412995729737, "max_depth": 197.11044525019403, "min_child_weight": 1.6863797889087384, "min_split_gain": 0.08429882887824353, "n_estimators": 114.77481103789856, "num_leaves": 45.63371305355327}, "datetime": {"datetime": "2019-05-27 17:27:50", "elapsed": 3883.829497, "delta": 24.876209}}
{"target": -9.149338560905441, "params": {"bagging_fraction": 0.9545732633999063, "feature_fraction": 0.8294772257499057, "lambda_l1": 2.201087050860926, "lambda_l2": 2.470693111399531, "learning_rate": 0.08724484723653851, "max_depth": 190.5696599249293, "min_child_weight": 1.761481437910869, "min_split_gain": 0.04380978459631448, "n_estimators": 2103.7972091501415, "num_leaves": 499.0712532488073}, "datetime": {"datetime": "2019-05-27 17:29:49", "elapsed": 4002.724031, "delta": 118.894534}}
{"target": -9.13378332612622, "params": {"bagging_fraction": 0.9246620687279081, "feature_fraction": 0.7231282970697157, "lambda_l1": 3.5795296007362642, "lambda_l2": 1.0780183458797197, "learning_rate": 0.08110337497562999, "max_depth": 199.06113629087244, "min_child_weight": 1.4209351526599745, "min_split_gain": 0.07092099013660245, "n_estimators": 3497.1654421455473, "num_leaves": 342.9210938675124}, "datetime": {"datetime": "2019-05-27 17:31:14", "elapsed": 4087.998649, "delta": 85.274618}}
{"target": -9.118550909835388, "params": {"bagging_fraction": 0.8633548235149928, "feature_fraction": 0.5110073771955232, "lambda_l1": 2.1307523801947914, "lambda_l2": 2.5632255164597137, "learning_rate": 0.08697754386433043, "max_depth": 5.357525247463705, "min_child_weight": 0.15811195397050226, "min_split_gain": 0.011676046826568812, "n_estimators": 4549.759583845403, "num_leaves": 23.863782999955674}, "datetime": {"datetime": "2019-05-27 17:31:49", "elapsed": 4122.878052, "delta": 34.879403}}
{"target": -9.175118319594231, "params": {"bagging_fraction": 0.8563055116124847, "feature_fraction": 0.32463490512730525, "lambda_l1": 2.5646997013120068, "lambda_l2": 0.47996867865980264, "learning_rate": 0.08243206592722842, "max_depth": 197.05756917863667, "min_child_weight": 4.176260084369883, "min_split_gain": 0.09767656563134838, "n_estimators": 270.4252947539982, "num_leaves": 248.6550119657633}, "datetime": {"datetime": "2019-05-27 17:32:36", "elapsed": 4169.994348, "delta": 47.116296}}
{"target": -9.119919390637355, "params": {"bagging_fraction": 0.9537040158423474, "feature_fraction": 0.3381816375632434, "lambda_l1": 1.4378598744144715, "lambda_l2": 0.5989033250720863, "learning_rate": 0.07703948921413725, "max_depth": 6.885268771501218, "min_child_weight": 0.17360176029070473, "min_split_gain": 0.03979290556605392, "n_estimators": 2474.130027223402, "num_leaves": 315.6608416851695}, "datetime": {"datetime": "2019-05-27 17:33:13", "elapsed": 4206.805379, "delta": 36.811031}}
{"target": -9.120226007844769, "params": {"bagging_fraction": 0.9966659085009366, "feature_fraction": 0.8916665232597725, "lambda_l1": 3.9315022783912794, "lambda_l2": 1.1286799752012564, "learning_rate": 0.09819286335425548, "max_depth": 198.21269716602907, "min_child_weight": 5.6800963026875415, "min_split_gain": 0.0410013676137304, "n_estimators": 2000.267794711624, "num_leaves": 19.716585530917975}, "datetime": {"datetime": "2019-05-27 17:33:58", "elapsed": 4251.556833, "delta": 44.751454}}
{"target": -9.184777437208485, "params": {"bagging_fraction": 0.959150113813352, "feature_fraction": 0.3116285814538483, "lambda_l1": 2.3536073663519668, "lambda_l2": 1.0898584544633212, "learning_rate": 0.07766035923686553, "max_depth": 199.60989261175308, "min_child_weight": 1.094555304297885, "min_split_gain": 0.07802402461459863, "n_estimators": 2662.2167509035876, "num_leaves": 394.5725373614675}, "datetime": {"datetime": "2019-05-27 17:35:00", "elapsed": 4313.861875, "delta": 62.305042}}
{"target": -9.102527724312623, "params": {"bagging_fraction": 0.8254299695211126, "feature_fraction": 0.38896272563905626, "lambda_l1": 4.466174651014708, "lambda_l2": 1.3169418279800027, "learning_rate": 0.010489301016876791, "max_depth": 5.3807085254917855, "min_child_weight": 2.8326415818433484, "min_split_gain": 0.03964572128099725, "n_estimators": 2155.150878755165, "num_leaves": 491.19846620138355}, "datetime": {"datetime": "2019-05-27 17:36:57", "elapsed": 4430.832822, "delta": 116.970947}}
{"target": -9.101827939243233, "params": {"bagging_fraction": 0.9475598095193529, "feature_fraction": 0.8120809173553609, "lambda_l1": 1.5004038187534419, "lambda_l2": 1.1268548874846565, "learning_rate": 0.041297812655250114, "max_depth": 5.539789034791371, "min_child_weight": 0.22501175209601376, "min_split_gain": 0.0036369654051443033, "n_estimators": 3362.9062253417055, "num_leaves": 226.70868999191475}, "datetime": {"datetime": "2019-05-27 17:37:49", "elapsed": 4483.079656, "delta": 52.246834}}
{"target": -9.103698411714067, "params": {"bagging_fraction": 0.8144523562533905, "feature_fraction": 0.7992750928587885, "lambda_l1": 0.724946791091387, "lambda_l2": 1.219072970829412, "learning_rate": 0.053638322367734574, "max_depth": 5.882814758883798, "min_child_weight": 0.6526292715443138, "min_split_gain": 0.052371839352492, "n_estimators": 3945.9055777740737, "num_leaves": 68.07979364227779}, "datetime": {"datetime": "2019-05-27 17:38:34", "elapsed": 4527.457735, "delta": 44.378079}}
{"target": -9.10654593465892, "params": {"bagging_fraction": 0.9226876920206182, "feature_fraction": 0.8687157567096657, "lambda_l1": 4.655605511016133, "lambda_l2": 2.3114992031532684, "learning_rate": 0.03980511364665062, "max_depth": 198.33862738132171, "min_child_weight": 0.36038057812015634, "min_split_gain": 0.06613846719310132, "n_estimators": 4253.909746576775, "num_leaves": 28.8657266590374}, "datetime": {"datetime": "2019-05-27 17:39:33", "elapsed": 4587.251871, "delta": 59.794136}}
{"target": -9.091754296614983, "params": {"bagging_fraction": 0.9998991119327977, "feature_fraction": 0.6301523635944206, "lambda_l1": 0.6782456966032779, "lambda_l2": 1.2847068559450934, "learning_rate": 0.010625625687946262, "max_depth": 198.806374088355, "min_child_weight": 0.23512969789297955, "min_split_gain": 0.027111110371704047, "n_estimators": 3872.678883154618, "num_leaves": 170.94699794467027}, "datetime": {"datetime": "2019-05-27 17:42:21", "elapsed": 4754.578068, "delta": 167.326197}}
{"target": -9.129719097631119, "params": {"bagging_fraction": 0.9519890482801834, "feature_fraction": 0.4676114551347431, "lambda_l1": 3.4699177185112684, "lambda_l2": 0.5914113920046268, "learning_rate": 0.07500143469769582, "max_depth": 5.55958745984852, "min_child_weight": 7.627595429165217, "min_split_gain": 0.035691707316828, "n_estimators": 1905.0888888316672, "num_leaves": 10.118526107673834}, "datetime": {"datetime": "2019-05-27 17:42:58", "elapsed": 4791.827566, "delta": 37.249498}}
{"target": -9.10481622549651, "params": {"bagging_fraction": 0.8519841223510513, "feature_fraction": 0.8158835238455813, "lambda_l1": 3.9556677404792406, "lambda_l2": 0.05910425153996124, "learning_rate": 0.07068273724475735, "max_depth": 6.532530928264447, "min_child_weight": 0.1861370284790631, "min_split_gain": 0.04001922295339033, "n_estimators": 4573.439813912795, "num_leaves": 201.53280636053023}, "datetime": {"datetime": "2019-05-27 17:43:45", "elapsed": 4838.855478, "delta": 47.027912}}
{"target": -9.104434151086561, "params": {"bagging_fraction": 0.8237265829281804, "feature_fraction": 0.5187271086431253, "lambda_l1": 2.819719067574619, "lambda_l2": 2.366445886590377, "learning_rate": 0.010932540164355176, "max_depth": 48.02069416831478, "min_child_weight": 3.4738525683201162, "min_split_gain": 0.09044906931457736, "n_estimators": 4996.579034107864, "num_leaves": 497.6430168539968}, "datetime": {"datetime": "2019-05-27 17:47:52", "elapsed": 5085.420462, "delta": 246.564984}}
{"target": -9.142079765110042, "params": {"bagging_fraction": 0.9661129638486703, "feature_fraction": 0.8399746938393604, "lambda_l1": 3.6406806798474416, "lambda_l2": 2.9197751260315963, "learning_rate": 0.08688472178849663, "max_depth": 12.799551215884817, "min_child_weight": 8.369667599823078, "min_split_gain": 0.09939588220693464, "n_estimators": 100.21612778167743, "num_leaves": 498.6498711542192}, "datetime": {"datetime": "2019-05-27 17:48:46", "elapsed": 5140.195344, "delta": 54.774882}}
{"target": -9.138485794810103, "params": {"bagging_fraction": 0.9487976164543522, "feature_fraction": 0.8209667604928281, "lambda_l1": 3.681953672620193, "lambda_l2": 2.1764282257495267, "learning_rate": 0.09059711825211583, "max_depth": 194.73659187781195, "min_child_weight": 0.2923760334704184, "min_split_gain": 0.06181750524330299, "n_estimators": 4999.915074263535, "num_leaves": 377.90237290443474}, "datetime": {"datetime": "2019-05-27 17:50:20", "elapsed": 5234.170345, "delta": 93.975001}}
{"target": -9.117844698966769, "params": {"bagging_fraction": 0.83591375192688, "feature_fraction": 0.3269657012841858, "lambda_l1": 1.1779811201902113, "lambda_l2": 0.8306757990243999, "learning_rate": 0.08421254160757202, "max_depth": 6.383551326217414, "min_child_weight": 8.939727194112367, "min_split_gain": 0.09857937888689132, "n_estimators": 931.4742383417774, "num_leaves": 475.02370743655086}, "datetime": {"datetime": "2019-05-27 17:50:53", "elapsed": 5267.274983, "delta": 33.104638}}
{"target": -9.139076453838966, "params": {"bagging_fraction": 0.9246792206582386, "feature_fraction": 0.7121167644899162, "lambda_l1": 1.3533145196283276, "lambda_l2": 0.5475165969822402, "learning_rate": 0.0653085154684808, "max_depth": 198.39905406805138, "min_child_weight": 4.838710899092637, "min_split_gain": 0.05039259807764751, "n_estimators": 588.8113924922416, "num_leaves": 495.0335094842371}, "datetime": {"datetime": "2019-05-27 17:52:41", "elapsed": 5375.095368, "delta": 107.820385}}
{"target": -9.118818031369813, "params": {"bagging_fraction": 0.8767730966269036, "feature_fraction": 0.6448681934861575, "lambda_l1": 2.1767192219251803, "lambda_l2": 0.28605435410405744, "learning_rate": 0.04537828943739338, "max_depth": 192.40327703681282, "min_child_weight": 8.886225356352552, "min_split_gain": 0.08224311793889606, "n_estimators": 1210.490342132281, "num_leaves": 353.66148767753486}, "datetime": {"datetime": "2019-05-27 17:54:15", "elapsed": 5468.950953, "delta": 93.855585}}
{"target": -9.105321286230925, "params": {"bagging_fraction": 0.9017267833805047, "feature_fraction": 0.7704224610414312, "lambda_l1": 3.689218725737413, "lambda_l2": 2.684603854414634, "learning_rate": 0.077523445987654, "max_depth": 5.787631042149518, "min_child_weight": 0.979518139663631, "min_split_gain": 0.06374572030339404, "n_estimators": 4999.649195429684, "num_leaves": 390.12107772973195}, "datetime": {"datetime": "2019-05-27 17:54:55", "elapsed": 5508.425112, "delta": 39.474159}}
{"target": -9.106133502327442, "params": {"bagging_fraction": 0.9722989213356654, "feature_fraction": 0.39087838344609516, "lambda_l1": 1.7842680975103797, "lambda_l2": 1.056631383383163, "learning_rate": 0.013916062940920172, "max_depth": 192.19935871457778, "min_child_weight": 0.7701072036104284, "min_split_gain": 0.09279715260437771, "n_estimators": 3109.08102064294, "num_leaves": 16.594744579348344}, "datetime": {"datetime": "2019-05-27 17:56:57", "elapsed": 5630.837138, "delta": 122.412026}}
{"target": -9.106040525932292, "params": {"bagging_fraction": 0.9320468216717679, "feature_fraction": 0.48189501029776527, "lambda_l1": 1.9652111689337404, "lambda_l2": 1.9394025377066653, "learning_rate": 0.012516963123284132, "max_depth": 7.080612509868411, "min_child_weight": 1.166136851237981, "min_split_gain": 0.046888417429976716, "n_estimators": 3191.707343106814, "num_leaves": 15.391056968808948}, "datetime": {"datetime": "2019-05-27 17:59:21", "elapsed": 5774.722128, "delta": 143.88499}}
{"target": -9.0985769688033, "params": {"bagging_fraction": 0.8501361434483848, "feature_fraction": 0.6688076017639777, "lambda_l1": 0.46288202890568175, "lambda_l2": 1.721407954549939, "learning_rate": 0.034900464284885274, "max_depth": 199.39003271329142, "min_child_weight": 0.8453947175763288, "min_split_gain": 0.060844361520558034, "n_estimators": 4629.852917501347, "num_leaves": 99.40463452389649}, "datetime": {"datetime": "2019-05-27 18:00:23", "elapsed": 5836.59381, "delta": 61.871682}}
{"target": -9.110416864734882, "params": {"bagging_fraction": 0.9582616845553258, "feature_fraction": 0.6995460718645505, "lambda_l1": 2.5311429393222182, "lambda_l2": 2.7249576469234755, "learning_rate": 0.0675575232272894, "max_depth": 199.94414077604196, "min_child_weight": 0.20547802066699705, "min_split_gain": 0.09002867409370105, "n_estimators": 3997.354894765709, "num_leaves": 146.46995594754563}, "datetime": {"datetime": "2019-05-27 18:01:19", "elapsed": 5892.493911, "delta": 55.900101}}
{"target": -9.107227275210786, "params": {"bagging_fraction": 0.8135583077932803, "feature_fraction": 0.8227857501219502, "lambda_l1": 1.8876461916928915, "lambda_l2": 2.200377863818665, "learning_rate": 0.03367257401903248, "max_depth": 16.610130799526218, "min_child_weight": 0.07386371353659271, "min_split_gain": 0.06070768276056613, "n_estimators": 4249.778170286749, "num_leaves": 25.76782586105918}, "datetime": {"datetime": "2019-05-27 18:02:23", "elapsed": 5956.508428, "delta": 64.014517}}
{"target": -9.097287108021423, "params": {"bagging_fraction": 0.8659133092889368, "feature_fraction": 0.8631948391416009, "lambda_l1": 3.1837577355565827, "lambda_l2": 0.33377434006196416, "learning_rate": 0.010658257250610958, "max_depth": 194.63258423938757, "min_child_weight": 0.016691535638191368, "min_split_gain": 0.05729078598867203, "n_estimators": 3712.604312325979, "num_leaves": 39.05143307802979}, "datetime": {"datetime": "2019-05-27 18:05:21", "elapsed": 6135.020948, "delta": 178.51252}}
{"target": -9.10838764073519, "params": {"bagging_fraction": 0.802991911312185, "feature_fraction": 0.7278886180768338, "lambda_l1": 1.928980833896274, "lambda_l2": 2.774062200870145, "learning_rate": 0.09816042662167625, "max_depth": 7.871191104400286, "min_child_weight": 0.3965351088586522, "min_split_gain": 0.06721977317447868, "n_estimators": 3634.1053824730416, "num_leaves": 142.872522021885}, "datetime": {"datetime": "2019-05-27 18:06:08", "elapsed": 6181.785581, "delta": 46.764633}}
{"target": -9.108854614645503, "params": {"bagging_fraction": 0.899621669991805, "feature_fraction": 0.7489393848606927, "lambda_l1": 1.6673820458637483, "lambda_l2": 1.9275841322430476, "learning_rate": 0.04910988261002913, "max_depth": 5.368623665034676, "min_child_weight": 7.117956318995366, "min_split_gain": 0.007234593716167046, "n_estimators": 2542.65708376709, "num_leaves": 495.3471721574785}, "datetime": {"datetime": "2019-05-27 18:06:53", "elapsed": 6227.205745, "delta": 45.420164}}
{"target": -9.128603809666412, "params": {"bagging_fraction": 0.9221552613235126, "feature_fraction": 0.4148409047320841, "lambda_l1": 1.0732384315934262, "lambda_l2": 1.0255317697304758, "learning_rate": 0.07950295644349155, "max_depth": 199.97982743971352, "min_child_weight": 2.9291497383567466, "min_split_gain": 0.0035726297619764684, "n_estimators": 531.4702567992629, "num_leaves": 11.109428368583604}, "datetime": {"datetime": "2019-05-27 18:07:25", "elapsed": 6259.128373, "delta": 31.922628}}
{"target": -9.116260939228441, "params": {"bagging_fraction": 0.8037576960369945, "feature_fraction": 0.5207862852069534, "lambda_l1": 0.7527149455172705, "lambda_l2": 0.24436529613000635, "learning_rate": 0.07465657385013526, "max_depth": 5.258930659840878, "min_child_weight": 3.840921531224779, "min_split_gain": 0.0996976259306919, "n_estimators": 946.7013655269511, "num_leaves": 60.73710824627109}, "datetime": {"datetime": "2019-05-27 18:08:00", "elapsed": 6294.251343, "delta": 35.12297}}
{"target": -9.1041137015224, "params": {"bagging_fraction": 0.9524912904262548, "feature_fraction": 0.6297166722968812, "lambda_l1": 0.19804872435177756, "lambda_l2": 2.681558373073139, "learning_rate": 0.05874816431649577, "max_depth": 183.19061564904823, "min_child_weight": 0.27701976488119784, "min_split_gain": 0.046818201840262814, "n_estimators": 4426.409405652356, "num_leaves": 52.23243096784886}, "datetime": {"datetime": "2019-05-27 18:08:41", "elapsed": 6335.033823, "delta": 40.78248}}
{"target": -9.10515090530178, "params": {"bagging_fraction": 0.8193983552213268, "feature_fraction": 0.8261951679865933, "lambda_l1": 0.13447441489799983, "lambda_l2": 2.058968453405147, "learning_rate": 0.048757996033826294, "max_depth": 5.631437708356862, "min_child_weight": 2.57838175563863, "min_split_gain": 0.0028944035989451945, "n_estimators": 3091.172663773525, "num_leaves": 245.5704659782857}, "datetime": {"datetime": "2019-05-27 18:09:29", "elapsed": 6382.374437, "delta": 47.340614}}
{"target": -9.1091378122801, "params": {"bagging_fraction": 0.80853593417397, "feature_fraction": 0.855537578828361, "lambda_l1": 3.2307890689530376, "lambda_l2": 0.414152140677033, "learning_rate": 0.02076850938980148, "max_depth": 16.346491672487282, "min_child_weight": 1.2303931929615752, "min_split_gain": 0.013514192448374408, "n_estimators": 2353.8514855789995, "num_leaves": 493.9839098771616}, "datetime": {"datetime": "2019-05-27 18:12:52", "elapsed": 6586.112274, "delta": 203.737837}}
