{"target": -9.10123394985304, "params": {"bagging_fraction": 0.9034595767693179, "feature_fraction": 0.8681775622888885, "lambda_l1": 3.8272987969845347, "lambda_l2": 0.8471875319013381, "learning_rate": 0.029894082693548735, "max_depth": 138.81330662130603, "min_child_weight": 1.6713920310005626, "min_split_gain": 0.03985180418003804, "n_estimators": 3128.456501538765, "num_leaves": 211.84574648078552}, "datetime": {"datetime": "2019-05-27 16:23:06", "elapsed": 0.0, "delta": 0.0}}
{"target": -9.110188850990104, "params": {"bagging_fraction": 0.8004929762401772, "feature_fraction": 0.830419309423263, "lambda_l1": 4.424737691882368, "lambda_l2": 0.9012290680994428, "learning_rate": 0.06306236786932432, "max_depth": 195.79324862289204, "min_child_weight": 8.450938221263112, "min_split_gain": 0.007442468466662155, "n_estimators": 1544.2478771150913, "num_leaves": 151.08787607395075}, "datetime": {"datetime": "2019-05-27 16:24:09", "elapsed": 62.742624, "delta": 62.742624}}
{"target": -9.13247880218589, "params": {"bagging_fraction": 0.9644932678206866, "feature_fraction": 0.6757098227761478, "lambda_l1": 0.5523885695683689, "lambda_l2": 0.0015864335078281666, "learning_rate": 0.09479496095699497, "max_depth": 32.592647756412006, "min_child_weight": 4.215965261661597, "min_split_gain": 0.03530245457470588, "n_estimators": 4361.9469135461895, "num_leaves": 220.0148880526203}, "datetime": {"datetime": "2019-05-27 16:25:02", "elapsed": 116.120912, "delta": 53.378288}}
{"target": -9.100037485141325, "params": {"bagging_fraction": 0.9657502968645512, "feature_fraction": 0.730711102935623, "lambda_l1": 0.5961334709206134, "lambda_l2": 1.7891525181288266, "learning_rate": 0.0216780667934662, "max_depth": 20.11914788679955, "min_child_weight": 8.312052556904181, "min_split_gain": 0.04697417586324005, "n_estimators": 893.8611471134699, "num_leaves": 278.5078931255733}, "datetime": {"datetime": "2019-05-27 16:27:22", "elapsed": 255.898477, "delta": 139.777565}}
{"target": -9.105840584212748, "params": {"bagging_fraction": 0.9176971643684685, "feature_fraction": 0.7641679014454406, "lambda_l1": 3.2792272900345165, "lambda_l2": 1.673120278435269, "learning_rate": 0.0260422539913129, "max_depth": 51.913788587512556, "min_child_weight": 5.060546323688593, "min_split_gain": 0.04027782418415308, "n_estimators": 2466.9704086704132, "num_leaves": 478.3125221332111}, "datetime": {"datetime": "2019-05-27 16:30:21", "elapsed": 435.028108, "delta": 179.129631}}
{"target": -9.09554785108309, "params": {"bagging_fraction": 0.9803204385614761, "feature_fraction": 0.6034555931865091, "lambda_l1": 4.103507425814574, "lambda_l2": 2.4831477782249434, "learning_rate": 0.0308650012841849, "max_depth": 20.415819848961434, "min_child_weight": 4.657629264790665, "min_split_gain": 0.08801860503202305, "n_estimators": 822.7649876586819, "num_leaves": 123.31313960215849}, "datetime": {"datetime": "2019-05-27 16:31:33", "elapsed": 506.338114, "delta": 71.310006}}
{"target": -9.120226948726074, "params": {"bagging_fraction": 0.983589161140786, "feature_fraction": 0.3774381165637024, "lambda_l1": 4.582038610329198, "lambda_l2": 0.7043926527338912, "learning_rate": 0.06543880917755522, "max_depth": 190.55961320024653, "min_child_weight": 2.5513081972233587, "min_split_gain": 0.04557525968615405, "n_estimators": 4865.33712408982, "num_leaves": 127.29178909920294}, "datetime": {"datetime": "2019-05-27 16:32:09", "elapsed": 542.790243, "delta": 36.452129}}
{"target": -9.105316516810852, "params": {"bagging_fraction": 0.8397362605389258, "feature_fraction": 0.7127678261526166, "lambda_l1": 4.22504597334536, "lambda_l2": 1.3599485454504152, "learning_rate": 0.01912330247832656, "max_depth": 126.45535425776949, "min_child_weight": 0.8347593685978472, "min_split_gain": 0.0062734423702448154, "n_estimators": 1792.844542098058, "num_leaves": 453.68286035669394}, "datetime": {"datetime": "2019-05-27 16:35:26", "elapsed": 739.381405, "delta": 196.591162}}
{"target": -9.123411994726366, "params": {"bagging_fraction": 0.9597200414701412, "feature_fraction": 0.5305361656490584, "lambda_l1": 0.46363002233272776, "lambda_l2": 0.3801750288597212, "learning_rate": 0.058095755310787776, "max_depth": 103.92431842965787, "min_child_weight": 5.035347736778055, "min_split_gain": 0.013534070792780732, "n_estimators": 3977.3238961761026, "num_leaves": 302.0651145203678}, "datetime": {"datetime": "2019-05-27 16:36:30", "elapsed": 803.560827, "delta": 64.179422}}
{"target": -9.102051407572299, "params": {"bagging_fraction": 0.951553874539834, "feature_fraction": 0.5756184551328791, "lambda_l1": 0.3722960243225165, "lambda_l2": 1.8074635303994961, "learning_rate": 0.04920392525647329, "max_depth": 6.253518409002016, "min_child_weight": 0.4662987836169319, "min_split_gain": 0.04245549760058541, "n_estimators": 4403.502690525429, "num_leaves": 222.17866972116414}, "datetime": {"datetime": "2019-05-27 16:37:04", "elapsed": 837.355946, "delta": 33.795119}}
{"target": -9.09513720445021, "params": {"bagging_fraction": 0.9286920420339411, "feature_fraction": 0.6410098652930376, "lambda_l1": 1.2009095077320602, "lambda_l2": 0.8871204093174803, "learning_rate": 0.010452243135316643, "max_depth": 30.13424197247752, "min_child_weight": 5.291550196786654, "min_split_gain": 0.06510200383030318, "n_estimators": 812.2735770215456, "num_leaves": 348.7807376258141}, "datetime": {"datetime": "2019-05-27 16:41:20", "elapsed": 1094.168025, "delta": 256.812079}}
{"target": -9.11017647584436, "params": {"bagging_fraction": 0.9211130389541264, "feature_fraction": 0.8781268680374605, "lambda_l1": 4.214272755243714, "lambda_l2": 1.55494333517525, "learning_rate": 0.0643127686494245, "max_depth": 21.671673728612767, "min_child_weight": 9.545544313492632, "min_split_gain": 0.08961499453411517, "n_estimators": 2835.901162713846, "num_leaves": 148.1880272039256}, "datetime": {"datetime": "2019-05-27 16:42:25", "elapsed": 1158.812864, "delta": 64.644839}}
{"target": -9.102388043462687, "params": {"bagging_fraction": 0.9278779757428528, "feature_fraction": 0.5502168642382308, "lambda_l1": 3.136162498786279, "lambda_l2": 1.189291932363755, "learning_rate": 0.03716318475238236, "max_depth": 82.59920329338071, "min_child_weight": 8.49784528418878, "min_split_gain": 0.08403513164206884, "n_estimators": 1498.3636460835048, "num_leaves": 176.040555922316}, "datetime": {"datetime": "2019-05-27 16:43:29", "elapsed": 1223.136203, "delta": 64.323339}}
{"target": -9.093154968072579, "params": {"bagging_fraction": 0.8967783942656777, "feature_fraction": 0.5306948131902782, "lambda_l1": 1.6439367497007007, "lambda_l2": 1.5870095445380787, "learning_rate": 0.01871964678555941, "max_depth": 9.559086464580878, "min_child_weight": 1.9003865138660492, "min_split_gain": 0.09627192181282938, "n_estimators": 3828.685114602573, "num_leaves": 265.48131847704053}, "datetime": {"datetime": "2019-05-27 16:45:24", "elapsed": 1337.49884, "delta": 114.362637}}
{"target": -9.118549634089856, "params": {"bagging_fraction": 0.8244694459468227, "feature_fraction": 0.8991520086562401, "lambda_l1": 4.441310759205941, "lambda_l2": 2.878934429783965, "learning_rate": 0.06083069042424278, "max_depth": 63.15541630098517, "min_child_weight": 1.851929174833391, "min_split_gain": 0.07830442576140052, "n_estimators": 860.5522573798019, "num_leaves": 304.5482856585243}, "datetime": {"datetime": "2019-05-27 16:47:06", "elapsed": 1440.098518, "delta": 102.599678}}
{"target": -9.091552887146847, "params": {"bagging_fraction": 0.9476080048603012, "feature_fraction": 0.6397884593864027, "lambda_l1": 3.971896531819479, "lambda_l2": 2.7817800514457165, "learning_rate": 0.01727759983060401, "max_depth": 27.720975227247898, "min_child_weight": 1.1380123623093197, "min_split_gain": 0.029505362160034927, "n_estimators": 2801.871780609427, "num_leaves": 227.87535678635865}, "datetime": {"datetime": "2019-05-27 16:49:26", "elapsed": 1579.969781, "delta": 139.871263}}
{"target": -9.095551542993743, "params": {"bagging_fraction": 0.8898993965455767, "feature_fraction": 0.7131929747216832, "lambda_l1": 0.7442401244634783, "lambda_l2": 0.3589575673178078, "learning_rate": 0.0226588131252949, "max_depth": 169.7004093231483, "min_child_weight": 3.7153377712996583, "min_split_gain": 0.061522034273664476, "n_estimators": 4562.46835443914, "num_leaves": 99.6941677520623}, "datetime": {"datetime": "2019-05-27 16:50:47", "elapsed": 1660.673326, "delta": 80.703545}}
{"target": -9.10312471985841, "params": {"bagging_fraction": 0.8100238059326766, "feature_fraction": 0.4581326318160316, "lambda_l1": 1.9015368142820104, "lambda_l2": 1.6076656207213815, "learning_rate": 0.028533940671661477, "max_depth": 152.7544147043483, "min_child_weight": 6.172414937569317, "min_split_gain": 0.07811229614147602, "n_estimators": 1051.8625501820957, "num_leaves": 130.53226227095035}, "datetime": {"datetime": "2019-05-27 16:51:46", "elapsed": 1720.171064, "delta": 59.497738}}
{"target": -9.094626266681, "params": {"bagging_fraction": 0.9281127023696899, "feature_fraction": 0.5400644159861707, "lambda_l1": 4.813607347760912, "lambda_l2": 2.2910039804968574, "learning_rate": 0.025371218570817606, "max_depth": 28.239379585078666, "min_child_weight": 3.3026965314873746, "min_split_gain": 0.08006357244449991, "n_estimators": 3064.926329992817, "num_leaves": 116.57213526951746}, "datetime": {"datetime": "2019-05-27 16:52:56", "elapsed": 1789.562385, "delta": 69.391321}}
{"target": -9.120892148450867, "params": {"bagging_fraction": 0.8057547993792568, "feature_fraction": 0.6076881363202833, "lambda_l1": 4.697694288219082, "lambda_l2": 1.7296460873264095, "learning_rate": 0.0957916975037659, "max_depth": 98.73391177630201, "min_child_weight": 9.90790895888886, "min_split_gain": 0.04983158172443418, "n_estimators": 4156.549358556118, "num_leaves": 145.37839915900997}, "datetime": {"datetime": "2019-05-27 16:53:36", "elapsed": 1829.831586, "delta": 40.269201}}
{"target": -9.117342251251262, "params": {"bagging_fraction": 0.813563860965955, "feature_fraction": 0.7328160606173503, "lambda_l1": 0.6080431648372198, "lambda_l2": 2.4286990710848704, "learning_rate": 0.09413130003072574, "max_depth": 71.7807098177676, "min_child_weight": 3.1263487955292235, "min_split_gain": 0.060429413530380116, "n_estimators": 3503.2526499967644, "num_leaves": 32.13386975901945}, "datetime": {"datetime": "2019-05-27 16:54:00", "elapsed": 1853.807705, "delta": 23.976119}}
{"target": -9.124261295618386, "params": {"bagging_fraction": 0.9253471351920541, "feature_fraction": 0.40529803251331964, "lambda_l1": 0.40483026408630607, "lambda_l2": 0.9411030922545307, "learning_rate": 0.04727113018807637, "max_depth": 81.98441281432746, "min_child_weight": 7.230405288992248, "min_split_gain": 0.051650849225079044, "n_estimators": 1783.8635793447374, "num_leaves": 239.76505721273634}, "datetime": {"datetime": "2019-05-27 16:54:57", "elapsed": 1911.015199, "delta": 57.207494}}
{"target": -9.1165799834796, "params": {"bagging_fraction": 0.9093477535272266, "feature_fraction": 0.8009248345806925, "lambda_l1": 1.7404595023102636, "lambda_l2": 2.3495581904153315, "learning_rate": 0.06859102826038457, "max_depth": 175.24002311297636, "min_child_weight": 4.106509629427385, "min_split_gain": 0.01923177285341163, "n_estimators": 556.5737329245414, "num_leaves": 283.10598303896916}, "datetime": {"datetime": "2019-05-27 16:56:22", "elapsed": 1995.476994, "delta": 84.461795}}
{"target": -9.133150207663457, "params": {"bagging_fraction": 0.9953663370092019, "feature_fraction": 0.4774332884169503, "lambda_l1": 1.9657954653444576, "lambda_l2": 2.456396659049714, "learning_rate": 0.04546104392303951, "max_depth": 178.71089825554657, "min_child_weight": 0.30125761588574607, "min_split_gain": 0.09008136279069132, "n_estimators": 1526.4175233375206, "num_leaves": 490.5488050662668}, "datetime": {"datetime": "2019-05-27 16:58:05", "elapsed": 2098.662995, "delta": 103.186001}}
{"target": -9.10539242173346, "params": {"bagging_fraction": 0.9545208840173663, "feature_fraction": 0.7874660973693861, "lambda_l1": 2.373605816067719, "lambda_l2": 0.9074613487418439, "learning_rate": 0.039171119247417015, "max_depth": 177.86039815177588, "min_child_weight": 4.295422635920964, "min_split_gain": 0.0013047851598609757, "n_estimators": 3133.0840078622314, "num_leaves": 322.82316107624985}, "datetime": {"datetime": "2019-05-27 17:00:02", "elapsed": 2215.712682, "delta": 117.049687}}
{"target": -9.12490886096451, "params": {"bagging_fraction": 0.9204267631983882, "feature_fraction": 0.3509385980661902, "lambda_l1": 0.9439481631415719, "lambda_l2": 2.3192569857530736, "learning_rate": 0.06312735951863764, "max_depth": 138.77705723418097, "min_child_weight": 0.7309111409214941, "min_split_gain": 0.05658528592777961, "n_estimators": 1367.2846218035895, "num_leaves": 118.37995572924189}, "datetime": {"datetime": "2019-05-27 17:00:38", "elapsed": 2251.855733, "delta": 36.143051}}
{"target": -9.17469835479835, "params": {"bagging_fraction": 0.8230201106035947, "feature_fraction": 0.359433561937253, "lambda_l1": 1.2193398119661203, "lambda_l2": 2.238127788233353, "learning_rate": 0.06349442794574406, "max_depth": 109.670109828259, "min_child_weight": 3.755784392310356, "min_split_gain": 0.02426603732067515, "n_estimators": 2994.992132775694, "num_leaves": 422.40205351977187}, "datetime": {"datetime": "2019-05-27 17:01:45", "elapsed": 2318.613451, "delta": 66.757718}}
{"target": -9.106119770309194, "params": {"bagging_fraction": 0.895458778079762, "feature_fraction": 0.35024528378255143, "lambda_l1": 4.666210271716425, "lambda_l2": 1.4582358255369665, "learning_rate": 0.0212824673389119, "max_depth": 168.67119082091577, "min_child_weight": 3.824046460549421, "min_split_gain": 0.011760730507345267, "n_estimators": 4781.492808845806, "num_leaves": 178.3886957308353}, "datetime": {"datetime": "2019-05-27 17:03:25", "elapsed": 2418.617092, "delta": 100.003641}}
{"target": -9.133841441285345, "params": {"bagging_fraction": 0.8427919482950649, "feature_fraction": 0.5751956985185906, "lambda_l1": 0.12447653140453485, "lambda_l2": 0.7356632287481618, "learning_rate": 0.06879802599272643, "max_depth": 70.78847454923324, "min_child_weight": 0.21559629030845406, "min_split_gain": 0.02796869869287679, "n_estimators": 4811.296789076541, "num_leaves": 359.1376195744709}, "datetime": {"datetime": "2019-05-27 17:04:35", "elapsed": 2488.784749, "delta": 70.167657}}
{"target": -9.15062187551484, "params": {"bagging_fraction": 0.9226525844370292, "feature_fraction": 0.3255563184135889, "lambda_l1": 4.893924453798325, "lambda_l2": 1.6435023992721884, "learning_rate": 0.056078651659230344, "max_depth": 163.1477025677868, "min_child_weight": 7.161476407872308, "min_split_gain": 0.08325763083479752, "n_estimators": 820.1043367229892, "num_leaves": 299.22288738094846}, "datetime": {"datetime": "2019-05-27 17:05:34", "elapsed": 2547.696353, "delta": 58.911604}}
{"target": -9.101784765304263, "params": {"bagging_fraction": 0.9694227300341036, "feature_fraction": 0.5054373746752147, "lambda_l1": 0.7242991467326659, "lambda_l2": 0.5509451135457933, "learning_rate": 0.02471563541706613, "max_depth": 87.95931110851052, "min_child_weight": 6.055885059878888, "min_split_gain": 0.010317976977190193, "n_estimators": 231.26383690978102, "num_leaves": 53.47057274219656}, "datetime": {"datetime": "2019-05-27 17:06:01", "elapsed": 2574.997739, "delta": 27.301386}}
{"target": -9.092701863519789, "params": {"bagging_fraction": 0.8543336568942248, "feature_fraction": 0.5053488049673273, "lambda_l1": 3.8836269080470407, "lambda_l2": 2.2308820905212974, "learning_rate": 0.01989797317206998, "max_depth": 98.2234472134064, "min_child_weight": 6.478848530608677, "min_split_gain": 0.08441232082309569, "n_estimators": 2003.497388551649, "num_leaves": 164.46189763581984}, "datetime": {"datetime": "2019-05-27 17:07:33", "elapsed": 2667.091447, "delta": 92.093708}}
{"target": -9.105346119939925, "params": {"bagging_fraction": 0.883376853377832, "feature_fraction": 0.5650542740759233, "lambda_l1": 3.08381060310999, "lambda_l2": 2.988687211800403, "learning_rate": 0.06869647583622976, "max_depth": 128.92473671349092, "min_child_weight": 5.345126828592638, "min_split_gain": 0.036202258365210835, "n_estimators": 4289.322568188591, "num_leaves": 90.01491801885928}, "datetime": {"datetime": "2019-05-27 17:08:03", "elapsed": 2696.606233, "delta": 29.514786}}
{"target": -9.108043918142988, "params": {"bagging_fraction": 0.9531647576056407, "feature_fraction": 0.7546991151144727, "lambda_l1": 0.2473352585538613, "lambda_l2": 1.3673654892367495, "learning_rate": 0.07416966593727767, "max_depth": 116.24289682988154, "min_child_weight": 3.6095818866319496, "min_split_gain": 0.027987701321359037, "n_estimators": 339.93438298823463, "num_leaves": 52.39310381005515}, "datetime": {"datetime": "2019-05-27 17:08:31", "elapsed": 2724.648111, "delta": 28.041878}}
{"target": -9.104964633021954, "params": {"bagging_fraction": 0.999034567581964, "feature_fraction": 0.6784136319065519, "lambda_l1": 3.9716464033919467, "lambda_l2": 0.04934694708402021, "learning_rate": 0.02077656192812799, "max_depth": 82.07106347348089, "min_child_weight": 8.44062699124761, "min_split_gain": 0.03055015997813548, "n_estimators": 1050.8333354306565, "num_leaves": 436.8644193116177}, "datetime": {"datetime": "2019-05-27 17:11:06", "elapsed": 2879.976724, "delta": 155.328613}}
{"target": -9.105218674930235, "params": {"bagging_fraction": 0.9788959732269127, "feature_fraction": 0.8874507724146121, "lambda_l1": 0.41814278797164983, "lambda_l2": 1.343651185295075, "learning_rate": 0.03046085735809425, "max_depth": 161.87117560138856, "min_child_weight": 3.4934094255409534, "min_split_gain": 0.02273200374158449, "n_estimators": 4058.514631147161, "num_leaves": 243.73832952451806}, "datetime": {"datetime": "2019-05-27 17:12:54", "elapsed": 2987.767523, "delta": 107.790799}}
{"target": -9.099057706443455, "params": {"bagging_fraction": 0.8103343672897936, "feature_fraction": 0.5273775724685434, "lambda_l1": 2.444040569253128, "lambda_l2": 2.033121122987679, "learning_rate": 0.03685465864220877, "max_depth": 7.951638732810915, "min_child_weight": 5.995989995918588, "min_split_gain": 0.08213890552582961, "n_estimators": 1130.8988876891217, "num_leaves": 320.55011846709743}, "datetime": {"datetime": "2019-05-27 17:13:36", "elapsed": 3029.982593, "delta": 42.21507}}
{"target": -9.118658577263663, "params": {"bagging_fraction": 0.946342768135072, "feature_fraction": 0.8805984982516935, "lambda_l1": 0.4387353031988406, "lambda_l2": 2.049652605511075, "learning_rate": 0.06115341625747067, "max_depth": 38.00846371931079, "min_child_weight": 4.633688679853657, "min_split_gain": 0.0022297149097635083, "n_estimators": 213.53174488592984, "num_leaves": 19.310854976654145}, "datetime": {"datetime": "2019-05-27 17:13:55", "elapsed": 3048.371838, "delta": 18.389245}}
{"target": -9.115274690075482, "params": {"bagging_fraction": 0.8803915681412158, "feature_fraction": 0.6213079221068987, "lambda_l1": 1.3127627674246893, "lambda_l2": 1.556818272012528, "learning_rate": 0.05300126870338876, "max_depth": 61.98472807116862, "min_child_weight": 4.05200550812272, "min_split_gain": 0.047955073756887165, "n_estimators": 2243.363825722662, "num_leaves": 18.023664357176074}, "datetime": {"datetime": "2019-05-27 17:14:29", "elapsed": 3083.047014, "delta": 34.675176}}
{"target": -9.116584864220354, "params": {"bagging_fraction": 0.9411123433588515, "feature_fraction": 0.755569412947508, "lambda_l1": 1.3621980090640458, "lambda_l2": 1.396907633407451, "learning_rate": 0.07520323644373014, "max_depth": 21.15220703027089, "min_child_weight": 8.491269748213126, "min_split_gain": 0.07234426999971715, "n_estimators": 4953.359517112636, "num_leaves": 228.46383808276448}, "datetime": {"datetime": "2019-05-27 17:15:25", "elapsed": 3139.304351, "delta": 56.257337}}
{"target": -9.112577399153853, "params": {"bagging_fraction": 0.8506404348134071, "feature_fraction": 0.3965522712929543, "lambda_l1": 4.353636254291395, "lambda_l2": 2.0632192148018156, "learning_rate": 0.044218266422327665, "max_depth": 49.50536021428365, "min_child_weight": 7.817057988872217, "min_split_gain": 0.09750673153449924, "n_estimators": 4413.177705124739, "num_leaves": 134.14442616481267}, "datetime": {"datetime": "2019-05-27 17:16:03", "elapsed": 3176.702847, "delta": 37.398496}}
{"target": -9.111801283344935, "params": {"bagging_fraction": 0.9254252164050005, "feature_fraction": 0.5969110918114863, "lambda_l1": 0.3647055652378567, "lambda_l2": 1.6358368425027843, "learning_rate": 0.08844481970844677, "max_depth": 10.862078496971202, "min_child_weight": 0.8882541191405857, "min_split_gain": 0.03215572580576191, "n_estimators": 135.41712465338003, "num_leaves": 100.89102371049776}, "datetime": {"datetime": "2019-05-27 17:16:19", "elapsed": 3193.315375, "delta": 16.612528}}
{"target": -9.100680874595195, "params": {"bagging_fraction": 0.9748725460914072, "feature_fraction": 0.4123692443219198, "lambda_l1": 3.189378749496483, "lambda_l2": 1.937772157058122, "learning_rate": 0.026468986797542976, "max_depth": 130.72069687415424, "min_child_weight": 1.398182058122156, "min_split_gain": 0.06801112142497832, "n_estimators": 4707.546149741098, "num_leaves": 164.7995681904757}, "datetime": {"datetime": "2019-05-27 17:17:22", "elapsed": 3255.656611, "delta": 62.341236}}
{"target": -9.102325919468887, "params": {"bagging_fraction": 0.8156482007709916, "feature_fraction": 0.34964907638524656, "lambda_l1": 3.4111273326295604, "lambda_l2": 1.4727742428879593, "learning_rate": 0.011962611020660471, "max_depth": 94.12392697270585, "min_child_weight": 8.827756690665115, "min_split_gain": 0.03722422379993562, "n_estimators": 2202.791364071241, "num_leaves": 147.92014742404638}, "datetime": {"datetime": "2019-05-27 17:19:37", "elapsed": 3390.377099, "delta": 134.720488}}
