{"target": -9.159864276714956, "params": {"bagging_fraction": 0.8206433432308353, "feature_fraction": 0.46050959033276617, "lambda_l1": 3.0821986887208985, "lambda_l2": 1.7155832236566129, "learning_rate": 0.07654674858102267, "max_depth": 16.082261484722352, "min_child_weight": 7.74443442372725, "min_split_gain": 0.09234362682340526, "n_estimators": 1923.2757271488013, "num_leaves": 497.24604302328027}, "datetime": {"datetime": "2019-05-27 18:14:12", "elapsed": 6665.660299, "delta": 79.548025}}
{"target": -9.172466614844163, "params": {"bagging_fraction": 0.9201922647385596, "feature_fraction": 0.3079792951887537, "lambda_l1": 4.349403421320728, "lambda_l2": 1.4208607302843386, "learning_rate": 0.06392978626526555, "max_depth": 196.86844565027624, "min_child_weight": 9.311452146625447, "min_split_gain": 0.038638248610513154, "n_estimators": 1718.6732727048843, "num_leaves": 400.29080588809427}, "datetime": {"datetime": "2019-05-27 18:15:21", "elapsed": 6734.578776, "delta": 68.918477}}
{"target": -9.114968902002396, "params": {"bagging_fraction": 0.9834377248335695, "feature_fraction": 0.5124934985170138, "lambda_l1": 4.109749869898318, "lambda_l2": 0.05633864275507794, "learning_rate": 0.08739767967677603, "max_depth": 112.74471217044054, "min_child_weight": 0.14759922814540416, "min_split_gain": 0.02534016407625064, "n_estimators": 1629.8938774758565, "num_leaves": 27.416816131649842}, "datetime": {"datetime": "2019-05-27 18:15:55", "elapsed": 6769.209556, "delta": 34.63078}}
{"target": -9.146158697933576, "params": {"bagging_fraction": 0.8962300453072217, "feature_fraction": 0.3932245084872073, "lambda_l1": 4.280249984803925, "lambda_l2": 1.4768402917131538, "learning_rate": 0.06062072018685739, "max_depth": 55.624149603616814, "min_child_weight": 0.03585488224762012, "min_split_gain": 0.08799278988628909, "n_estimators": 2132.954635716138, "num_leaves": 311.60307088840966}, "datetime": {"datetime": "2019-05-27 18:17:01", "elapsed": 6834.840184, "delta": 65.630628}}
{"target": -9.117439513540791, "params": {"bagging_fraction": 0.9738591475219347, "feature_fraction": 0.4154892416813414, "lambda_l1": 4.808780946355639, "lambda_l2": 1.6285131069742338, "learning_rate": 0.08041584207000736, "max_depth": 103.2353770582754, "min_child_weight": 0.35554307791710427, "min_split_gain": 0.007392263344984477, "n_estimators": 2051.637328142248, "num_leaves": 93.35662739952865}, "datetime": {"datetime": "2019-05-27 18:17:39", "elapsed": 6873.285712, "delta": 38.445528}}
{"target": -9.114197853617377, "params": {"bagging_fraction": 0.8206544805537017, "feature_fraction": 0.7349535865870197, "lambda_l1": 4.597665240022987, "lambda_l2": 1.0491617056783689, "learning_rate": 0.09020986749011572, "max_depth": 191.52494732475463, "min_child_weight": 8.414065690701008, "min_split_gain": 0.05169646441757656, "n_estimators": 2436.007434117491, "num_leaves": 33.05250007743119}, "datetime": {"datetime": "2019-05-27 18:18:18", "elapsed": 6912.129511, "delta": 38.843799}}
{"target": -9.095112433626621, "params": {"bagging_fraction": 0.8679962244088727, "feature_fraction": 0.6819314567696486, "lambda_l1": 1.4213092302499908, "lambda_l2": 0.9901916123546066, "learning_rate": 0.02777078447733696, "max_depth": 9.316950989471037, "min_child_weight": 1.9324058711744307, "min_split_gain": 0.05939657753749124, "n_estimators": 3642.803470678359, "num_leaves": 499.45540730579785}, "datetime": {"datetime": "2019-05-27 18:19:43", "elapsed": 6996.934412, "delta": 84.804901}}
{"target": -9.127334981103152, "params": {"bagging_fraction": 0.885443237920654, "feature_fraction": 0.5537385555601955, "lambda_l1": 4.883992443487672, "lambda_l2": 2.7687058745809088, "learning_rate": 0.042741872910896754, "max_depth": 199.66935986165313, "min_child_weight": 2.5210975691154704, "min_split_gain": 0.0581135014981949, "n_estimators": 3803.9468588225404, "num_leaves": 494.052530612022}, "datetime": {"datetime": "2019-05-27 18:21:36", "elapsed": 7109.519367, "delta": 112.584955}}
{"target": -9.141586773478705, "params": {"bagging_fraction": 0.9468578096782733, "feature_fraction": 0.5222072354036005, "lambda_l1": 3.382843676132896, "lambda_l2": 1.2758841926017663, "learning_rate": 0.059149940932939786, "max_depth": 18.459316394117817, "min_child_weight": 2.131258915643899, "min_split_gain": 0.063156285461792, "n_estimators": 3353.9270642820848, "num_leaves": 498.9559030077193}, "datetime": {"datetime": "2019-05-27 18:23:22", "elapsed": 7215.862915, "delta": 106.343548}}
{"target": -9.121593818037011, "params": {"bagging_fraction": 0.8720330445365333, "feature_fraction": 0.3634297762838668, "lambda_l1": 1.0030958707902682, "lambda_l2": 2.1424196426455215, "learning_rate": 0.011351455151632052, "max_depth": 95.25387160982146, "min_child_weight": 0.08484954329573413, "min_split_gain": 0.02639739440664013, "n_estimators": 1195.7827607853933, "num_leaves": 499.35469242973113}, "datetime": {"datetime": "2019-05-27 18:27:36", "elapsed": 7469.380857, "delta": 253.517942}}
{"target": -9.12420723065506, "params": {"bagging_fraction": 0.8369225344408037, "feature_fraction": 0.8318594587477937, "lambda_l1": 1.1123144670770708, "lambda_l2": 2.5775020400838486, "learning_rate": 0.07986681599897451, "max_depth": 34.79835394996135, "min_child_weight": 9.841475146836977, "min_split_gain": 0.06137477772741723, "n_estimators": 2683.051867007773, "num_leaves": 248.33685103044778}, "datetime": {"datetime": "2019-05-27 18:29:12", "elapsed": 7566.002684, "delta": 96.621827}}
{"target": -9.103219901311013, "params": {"bagging_fraction": 0.8583386018998894, "feature_fraction": 0.8435041114545359, "lambda_l1": 3.616200568600631, "lambda_l2": 1.7939795289836522, "learning_rate": 0.041573385363776034, "max_depth": 199.14315860490885, "min_child_weight": 0.6246038207198057, "min_split_gain": 0.0982901656454861, "n_estimators": 2945.911933016594, "num_leaves": 192.9983622948254}, "datetime": {"datetime": "2019-05-27 18:30:54", "elapsed": 7668.29409, "delta": 102.291406}}
