{"target": -9.14637365188128, "params": {"bagging_fraction": 0.952091445234715, "feature_fraction": 0.7016159353817525, "lambda_l1": 0.9352382900023826, "lambda_l2": 0.7916299716069837, "learning_rate": 0.07939458002357636, "max_depth": 195.5531418497444, "min_child_weight": 5.70843686732192, "min_split_gain": 0.04097366264327179, "n_estimators": 602.2712538181104, "num_leaves": 497.9931026937914}, "datetime": {"datetime": "2019-05-27 11:55:14", "elapsed": 4565.170003, "delta": 84.410567}}
{"target": -9.09420343608606, "params": {"bagging_fraction": 0.9280580958857905, "feature_fraction": 0.6790324369525946, "lambda_l1": 1.2988706037928643, "lambda_l2": 0.7408946985900849, "learning_rate": 0.08859750578057712, "max_depth": 7.5182236491042405, "min_child_weight": 0.09358737420048668, "min_split_gain": 0.009356949940581831, "n_estimators": 4446.420618688083, "num_leaves": 77.43286319050804}, "datetime": {"datetime": "2019-05-27 11:55:51", "elapsed": 4602.363046, "delta": 37.193043}}
{"target": -9.09396344514136, "params": {"bagging_fraction": 0.986532983085389, "feature_fraction": 0.5214345718251868, "lambda_l1": 0.2874123697101677, "lambda_l2": 0.7547609143879812, "learning_rate": 0.046142386182246184, "max_depth": 123.04993321390846, "min_child_weight": 9.388200689627897, "min_split_gain": 0.0334228848321017, "n_estimators": 4602.247230242981, "num_leaves": 87.5103868425754}, "datetime": {"datetime": "2019-05-27 11:56:33", "elapsed": 4644.206643, "delta": 41.843597}}
{"target": -9.101140936695401, "params": {"bagging_fraction": 0.82014357647501, "feature_fraction": 0.776689152648582, "lambda_l1": 4.934406706106406, "lambda_l2": 1.689562458614854, "learning_rate": 0.06697309619678678, "max_depth": 192.1979200948641, "min_child_weight": 3.8914652280819952, "min_split_gain": 0.06716216605961323, "n_estimators": 2501.4838796971353, "num_leaves": 16.810072656294828}, "datetime": {"datetime": "2019-05-27 11:57:10", "elapsed": 4680.731513, "delta": 36.52487}}
{"target": -9.09675879391103, "params": {"bagging_fraction": 0.8420471212281124, "feature_fraction": 0.8274817322190156, "lambda_l1": 4.755861330559614, "lambda_l2": 1.8858033762974968, "learning_rate": 0.015731932943880325, "max_depth": 9.337306003325068, "min_child_weight": 7.902128202562325, "min_split_gain": 0.041123403945426386, "n_estimators": 1511.1573093260827, "num_leaves": 13.157664338814275}, "datetime": {"datetime": "2019-05-27 11:58:41", "elapsed": 4772.258269, "delta": 91.526756}}
{"target": -9.092804304082462, "params": {"bagging_fraction": 0.9571244708473459, "feature_fraction": 0.8660111392575516, "lambda_l1": 3.8490597860285654, "lambda_l2": 2.289479422859755, "learning_rate": 0.021159116436638935, "max_depth": 8.113578167433278, "min_child_weight": 1.7349315558732292, "min_split_gain": 0.09761940874777662, "n_estimators": 3258.019633804026, "num_leaves": 24.99600002285763}, "datetime": {"datetime": "2019-05-27 12:00:05", "elapsed": 4855.877467, "delta": 83.619198}}
{"target": -9.093921349746756, "params": {"bagging_fraction": 0.8979641543617519, "feature_fraction": 0.8516925581898789, "lambda_l1": 0.8562447602543166, "lambda_l2": 1.8541862304389367, "learning_rate": 0.01871616853797687, "max_depth": 197.87553087365137, "min_child_weight": 7.474907679726799, "min_split_gain": 0.07084657210644527, "n_estimators": 2920.610093720113, "num_leaves": 22.035524283518935}, "datetime": {"datetime": "2019-05-27 12:01:40", "elapsed": 4951.18907, "delta": 95.311603}}
{"target": -9.093228807016548, "params": {"bagging_fraction": 0.9468384933987742, "feature_fraction": 0.6149158193341596, "lambda_l1": 3.17487998388511, "lambda_l2": 0.32490945736253796, "learning_rate": 0.052622497926774335, "max_depth": 5.5883399312023565, "min_child_weight": 5.21883553150504, "min_split_gain": 0.07167729728256049, "n_estimators": 1136.1843438176159, "num_leaves": 498.36454769955105}, "datetime": {"datetime": "2019-05-27 12:02:18", "elapsed": 4988.889214, "delta": 37.700144}}
{"target": -9.109283133257271, "params": {"bagging_fraction": 0.9488273600057489, "feature_fraction": 0.6399326300708571, "lambda_l1": 1.896811870688651, "lambda_l2": 1.3324504167429518, "learning_rate": 0.02744977445217793, "max_depth": 198.5993783826688, "min_child_weight": 1.98862656803234, "min_split_gain": 0.0646998294183184, "n_estimators": 330.19340388829505, "num_leaves": 15.763814277064974}, "datetime": {"datetime": "2019-05-27 12:03:06", "elapsed": 5037.61341, "delta": 48.724196}}
{"target": -9.094938242082407, "params": {"bagging_fraction": 0.9455893711057456, "feature_fraction": 0.6335093487264839, "lambda_l1": 4.288326299235109, "lambda_l2": 0.03699763413862711, "learning_rate": 0.03963991998219818, "max_depth": 5.247782287630652, "min_child_weight": 8.061824065937945, "min_split_gain": 0.014312883953751496, "n_estimators": 3979.0769086313735, "num_leaves": 492.00105365271565}, "datetime": {"datetime": "2019-05-27 12:04:10", "elapsed": 5101.007365, "delta": 63.393955}}
{"target": -9.106950338859145, "params": {"bagging_fraction": 0.8462119684530589, "feature_fraction": 0.8363472437061359, "lambda_l1": 1.3473272433075767, "lambda_l2": 1.3945299198915868, "learning_rate": 0.09089345766614797, "max_depth": 8.307710935280479, "min_child_weight": 1.0675611750884362, "min_split_gain": 0.065011595591561, "n_estimators": 2636.755468162641, "num_leaves": 495.89444397517485}, "datetime": {"datetime": "2019-05-27 12:05:10", "elapsed": 5160.885432, "delta": 59.878067}}
{"target": -9.106431454102609, "params": {"bagging_fraction": 0.8574420683959857, "feature_fraction": 0.8339918303859968, "lambda_l1": 3.0441201345245954, "lambda_l2": 2.3008514681762575, "learning_rate": 0.06293589753320486, "max_depth": 8.840282642022757, "min_child_weight": 1.7742916140071108, "min_split_gain": 0.07935110136072071, "n_estimators": 1710.9547379602734, "num_leaves": 498.6947211168726}, "datetime": {"datetime": "2019-05-27 12:06:23", "elapsed": 5233.97803, "delta": 73.092598}}