{"target": -9.140439292714415, "params": {"bagging_fraction": 0.8793598402793572, "feature_fraction": 0.4078032295111238, "lambda_l1": 0.4587465597360385, "lambda_l2": 2.799361860860298, "learning_rate": 0.05091662770107467, "max_depth": 63.74944812965875, "min_child_weight": 2.2784077369818547, "min_split_gain": 0.07314991572606996, "n_estimators": 1422.8709806564616, "num_leaves": 377.4132044499616}, "datetime": {"datetime": "2019-05-27 11:19:02", "elapsed": 2393.265001, "delta": 50.965031}}
{"target": -9.14406957796793, "params": {"bagging_fraction": 0.838600640148913, "feature_fraction": 0.5535339313020031, "lambda_l1": 4.025494868016747, "lambda_l2": 2.573082675499225, "learning_rate": 0.0939795038303531, "max_depth": 102.05601267764578, "min_child_weight": 7.1566704875425815, "min_split_gain": 0.04255182322118369, "n_estimators": 578.0543951466689, "num_leaves": 261.25852829995154}, "datetime": {"datetime": "2019-05-27 11:19:39", "elapsed": 2430.228607, "delta": 36.963606}}
{"target": -9.102837818008904, "params": {"bagging_fraction": 0.8616465009875989, "feature_fraction": 0.3397359633169406, "lambda_l1": 1.731501312093822, "lambda_l2": 0.9887635804224203, "learning_rate": 0.061268400373980486, "max_depth": 155.07549821654652, "min_child_weight": 6.094266785851481, "min_split_gain": 0.054723025313927906, "n_estimators": 906.4426018333971, "num_leaves": 62.474206579147975}, "datetime": {"datetime": "2019-05-27 11:19:58", "elapsed": 2448.844881, "delta": 18.616274}}
{"target": -9.100437627931163, "params": {"bagging_fraction": 0.8382224395551119, "feature_fraction": 0.7347725489373957, "lambda_l1": 1.2142472746864652, "lambda_l2": 2.308462257383811, "learning_rate": 0.06939671323486656, "max_depth": 159.78720933787167, "min_child_weight": 3.1434967098598876, "min_split_gain": 0.07439811646130247, "n_estimators": 2735.2203941387147, "num_leaves": 146.6734647589371}, "datetime": {"datetime": "2019-05-27 11:20:33", "elapsed": 2484.539949, "delta": 35.695068}}
{"target": -9.085345705120591, "params": {"bagging_fraction": 0.9049897062869616, "feature_fraction": 0.8620323254912301, "lambda_l1": 4.0318984265992395, "lambda_l2": 0.1445548463465005, "learning_rate": 0.022065528560788104, "max_depth": 7.679438705383621, "min_child_weight": 1.8085637652095798, "min_split_gain": 0.017168126440524466, "n_estimators": 4239.866481824178, "num_leaves": 119.44314695078799}, "datetime": {"datetime": "2019-05-27 11:21:32", "elapsed": 2543.240891, "delta": 58.700942}}
{"target": -9.10376642791043, "params": {"bagging_fraction": 0.8872695396190705, "feature_fraction": 0.42681312435855, "lambda_l1": 2.2905710148414773, "lambda_l2": 2.877095632511169, "learning_rate": 0.0815510009451773, "max_depth": 6.6653590791012185, "min_child_weight": 9.340837224745297, "min_split_gain": 0.01645899502990965, "n_estimators": 1139.4143813935193, "num_leaves": 91.66006094689237}, "datetime": {"datetime": "2019-05-27 11:21:52", "elapsed": 2562.791418, "delta": 19.550527}}
{"target": -9.162737172929155, "params": {"bagging_fraction": 1.0, "feature_fraction": 0.9, "lambda_l1": 0.0, "lambda_l2": 0.0, "learning_rate": 0.1, "max_depth": 200.0, "min_child_weight": 0.004937265495537335, "min_split_gain": 0.1, "n_estimators": 100.00000000144107, "num_leaves": 500.0}, "datetime": {"datetime": "2019-05-27 11:22:43", "elapsed": 2614.531146, "delta": 51.739728}}
{"target": -9.096770485606024, "params": {"bagging_fraction": 0.9870565843647533, "feature_fraction": 0.8198058823155352, "lambda_l1": 0.38632338571144564, "lambda_l2": 1.356162190900144, "learning_rate": 0.06397896072796586, "max_depth": 198.08699010428472, "min_child_weight": 0.8600666681354197, "min_split_gain": 0.014067611763155987, "n_estimators": 3938.0493462369864, "num_leaves": 53.11592238565652}, "datetime": {"datetime": "2019-05-27 11:23:23", "elapsed": 2654.337599, "delta": 39.806453}}
{"target": -9.122785019669625, "params": {"bagging_fraction": 0.9147289683767562, "feature_fraction": 0.701150525318571, "lambda_l1": 0.8352341897455007, "lambda_l2": 0.8533846690791365, "learning_rate": 0.07592664673918707, "max_depth": 199.91646914131562, "min_child_weight": 0.7952000516272772, "min_split_gain": 0.06858825185876347, "n_estimators": 116.2847624259723, "num_leaves": 13.994573745998077}, "datetime": {"datetime": "2019-05-27 11:23:45", "elapsed": 2676.425638, "delta": 22.088039}}
{"target": -9.103125219192512, "params": {"bagging_fraction": 0.8603739410927465, "feature_fraction": 0.8236449317642374, "lambda_l1": 0.21754202967536274, "lambda_l2": 1.7706926045629063, "learning_rate": 0.0892571450369864, "max_depth": 5.3470923172108575, "min_child_weight": 3.45501480632765, "min_split_gain": 0.09312489260009231, "n_estimators": 739.8419623077605, "num_leaves": 492.10917151477634}, "datetime": {"datetime": "2019-05-27 11:24:20", "elapsed": 2711.532996, "delta": 35.107358}}
{"target": -9.149662624407108, "params": {"bagging_fraction": 0.9545732633999063, "feature_fraction": 0.8294772257499057, "lambda_l1": 2.201087050860926, "lambda_l2": 2.470693111399531, "learning_rate": 0.08724484723653851, "max_depth": 190.5696599249293, "min_child_weight": 1.761481437910869, "min_split_gain": 0.04380978459631448, "n_estimators": 2103.7972091501415, "num_leaves": 499.0712532488073}, "datetime": {"datetime": "2019-05-27 11:25:50", "elapsed": 2801.514003, "delta": 89.981007}}
{"target": -9.09351874629254, "params": {"bagging_fraction": 0.9724268453461078, "feature_fraction": 0.8801285500788321, "lambda_l1": 0.7281360329130704, "lambda_l2": 2.8050012702665783, "learning_rate": 0.03671937905235073, "max_depth": 8.768842145830671, "min_child_weight": 0.12349210908975117, "min_split_gain": 0.07469323023945819, "n_estimators": 3433.82615967684, "num_leaves": 284.4636808428932}, "datetime": {"datetime": "2019-05-27 11:27:02", "elapsed": 2873.534145, "delta": 72.020142}}
{"target": -9.102647451924373, "params": {"bagging_fraction": 0.8633548235149928, "feature_fraction": 0.5110073771955232, "lambda_l1": 2.1307523801947914, "lambda_l2": 2.5632255164597137, "learning_rate": 0.08697754386433043, "max_depth": 5.357525247463705, "min_child_weight": 0.15811195397050226, "min_split_gain": 0.011676046826568812, "n_estimators": 4549.759583845403, "num_leaves": 23.863782999955674}, "datetime": {"datetime": "2019-05-27 11:27:34", "elapsed": 2905.496367, "delta": 31.962222}}
{"target": -9.162314935677664, "params": {"bagging_fraction": 0.8563055116124847, "feature_fraction": 0.32463490512730525, "lambda_l1": 2.5646997013120068, "lambda_l2": 0.47996867865980264, "learning_rate": 0.08243206592722842, "max_depth": 197.05756917863667, "min_child_weight": 4.176260084369883, "min_split_gain": 0.09767656563134838, "n_estimators": 270.4252947539982, "num_leaves": 248.6550119657633}, "datetime": {"datetime": "2019-05-27 11:28:16", "elapsed": 2946.945987, "delta": 41.44962}}
{"target": -9.109448283550055, "params": {"bagging_fraction": 0.8059917985999838, "feature_fraction": 0.7744671225106837, "lambda_l1": 4.791276180444596, "lambda_l2": 0.6698841661829337, "learning_rate": 0.061398670444686755, "max_depth": 196.893368986748, "min_child_weight": 0.4607478258456399, "min_split_gain": 0.005325066752263295, "n_estimators": 3607.8181505011767, "num_leaves": 256.38101738501706}, "datetime": {"datetime": "2019-05-27 11:29:24", "elapsed": 3014.948595, "delta": 68.002608}}
{"target": -9.105235899830754, "params": {"bagging_fraction": 0.8163768964600832, "feature_fraction": 0.8783331158921548, "lambda_l1": 3.554126135162603, "lambda_l2": 1.1010998701525465, "learning_rate": 0.08663748315783207, "max_depth": 11.292168776692613, "min_child_weight": 9.820571292650452, "min_split_gain": 0.03355234685241394, "n_estimators": 1787.0907120475533, "num_leaves": 11.634181418841212}, "datetime": {"datetime": "2019-05-27 11:30:03", "elapsed": 3054.694739, "delta": 39.746144}}
{"target": -9.118745441541531, "params": {"bagging_fraction": 0.9305263563924951, "feature_fraction": 0.6088751781343055, "lambda_l1": 4.320386188835759, "lambda_l2": 0.06049984684778309, "learning_rate": 0.09381477034528019, "max_depth": 9.928320167933721, "min_child_weight": 1.0803194656510862, "min_split_gain": 0.07380451268894547, "n_estimators": 2506.303265054453, "num_leaves": 239.81350743763988}, "datetime": {"datetime": "2019-05-27 11:30:51", "elapsed": 3102.391525, "delta": 47.696786}}
{"target": -9.106057632004957, "params": {"bagging_fraction": 0.8827704333073887, "feature_fraction": 0.5644922081787727, "lambda_l1": 3.87054131112315, "lambda_l2": 2.910098135761709, "learning_rate": 0.0833214967853264, "max_depth": 189.31082371077082, "min_child_weight": 7.298447227136711, "min_split_gain": 0.05975321297049396, "n_estimators": 2069.4420797372595, "num_leaves": 12.068825367479317}, "datetime": {"datetime": "2019-05-27 11:31:26", "elapsed": 3137.297685, "delta": 34.90616}}
{"target": -9.086549861797483, "params": {"bagging_fraction": 0.8796955819295286, "feature_fraction": 0.42161793157492655, "lambda_l1": 4.968215619551462, "lambda_l2": 0.4860940516319403, "learning_rate": 0.013486144730954348, "max_depth": 6.575790551503442, "min_child_weight": 8.770150964227168, "min_split_gain": 0.04727758685155675, "n_estimators": 1960.7404461441736, "num_leaves": 489.9902481656559}, "datetime": {"datetime": "2019-05-27 11:32:49", "elapsed": 3220.254582, "delta": 82.956897}}
{"target": -9.101366857642393, "params": {"bagging_fraction": 0.8055156348630749, "feature_fraction": 0.6074427858998399, "lambda_l1": 0.2947608574035515, "lambda_l2": 1.07525669019663, "learning_rate": 0.09420180397324318, "max_depth": 7.230396092804421, "min_child_weight": 0.5674013273807654, "min_split_gain": 0.05735090312843838, "n_estimators": 3958.997326227238, "num_leaves": 42.531919183885506}, "datetime": {"datetime": "2019-05-27 11:33:20", "elapsed": 3251.324456, "delta": 31.069874}}
{"target": -9.095893367375051, "params": {"bagging_fraction": 0.9226876920206182, "feature_fraction": 0.8687157567096657, "lambda_l1": 4.655605511016133, "lambda_l2": 2.3114992031532684, "learning_rate": 0.03980511364665062, "max_depth": 198.33862738132171, "min_child_weight": 0.36038057812015634, "min_split_gain": 0.06613846719310132, "n_estimators": 4253.909746576775, "num_leaves": 28.8657266590374}, "datetime": {"datetime": "2019-05-27 11:34:14", "elapsed": 3305.190007, "delta": 53.865551}}
{"target": -9.085794266709055, "params": {"bagging_fraction": 0.9021785303132734, "feature_fraction": 0.5960918086902047, "lambda_l1": 1.106717342454765, "lambda_l2": 0.23356887280658045, "learning_rate": 0.03007648533766058, "max_depth": 6.034924153836343, "min_child_weight": 5.507255783060696, "min_split_gain": 0.09178844102614411, "n_estimators": 910.1833395949564, "num_leaves": 492.74294275676374}, "datetime": {"datetime": "2019-05-27 11:35:02", "elapsed": 3353.078721, "delta": 47.888714}}
{"target": -9.101824337943686, "params": {"bagging_fraction": 0.8285067872346954, "feature_fraction": 0.6475780069029937, "lambda_l1": 0.6193381717097096, "lambda_l2": 0.8503158335691178, "learning_rate": 0.03468414113586573, "max_depth": 5.054925588692293, "min_child_weight": 7.430605451234706, "min_split_gain": 0.036385258807388014, "n_estimators": 846.0339162906045, "num_leaves": 10.143874819827325}, "datetime": {"datetime": "2019-05-27 11:35:48", "elapsed": 3399.675401, "delta": 46.59668}}
{"target": -9.098112760000506, "params": {"bagging_fraction": 0.8814050563371503, "feature_fraction": 0.4272473400887521, "lambda_l1": 1.6306902508848753, "lambda_l2": 0.4114308380304199, "learning_rate": 0.05117769321135708, "max_depth": 7.213720102410612, "min_child_weight": 5.982593396114089, "min_split_gain": 0.0550830752850295, "n_estimators": 2095.1438041174574, "num_leaves": 69.25902012292092}, "datetime": {"datetime": "2019-05-27 11:36:24", "elapsed": 3435.222162, "delta": 35.546761}}
{"target": -9.105346668065462, "params": {"bagging_fraction": 0.9135455030785601, "feature_fraction": 0.3821662188196854, "lambda_l1": 1.3177778621508924, "lambda_l2": 2.739391510127492, "learning_rate": 0.09315348374601573, "max_depth": 5.211359666826109, "min_child_weight": 0.3486372556319106, "min_split_gain": 0.05529155349094293, "n_estimators": 3648.380290018808, "num_leaves": 162.37756602273254}, "datetime": {"datetime": "2019-05-27 11:36:51", "elapsed": 3462.352457, "delta": 27.130295}}
{"target": -9.100602084293651, "params": {"bagging_fraction": 0.8765668657648736, "feature_fraction": 0.8818659263218, "lambda_l1": 1.3449785416108155, "lambda_l2": 2.8308254440192817, "learning_rate": 0.06719625248198804, "max_depth": 193.59945028104477, "min_child_weight": 0.0015632024763490016, "min_split_gain": 0.07684603576761483, "n_estimators": 3232.044066354158, "num_leaves": 29.455596051974798}, "datetime": {"datetime": "2019-05-27 11:37:29", "elapsed": 3500.441264, "delta": 38.088807}}
{"target": -9.108296214505513, "params": {"bagging_fraction": 0.9706265260118525, "feature_fraction": 0.877606837548055, "lambda_l1": 0.14824426815533642, "lambda_l2": 2.9402914995130986, "learning_rate": 0.09082644982598238, "max_depth": 197.40205607445031, "min_child_weight": 1.030671703457502, "min_split_gain": 0.05609945438085488, "n_estimators": 3978.749989942539, "num_leaves": 164.69542223863687}, "datetime": {"datetime": "2019-05-27 11:38:22", "elapsed": 3553.280241, "delta": 52.838977}}
{"target": -9.102609155579865, "params": {"bagging_fraction": 0.8126448036973979, "feature_fraction": 0.43533607253425444, "lambda_l1": 0.7107881137324262, "lambda_l2": 2.4271569687659547, "learning_rate": 0.07412903353476516, "max_depth": 5.108991501518351, "min_child_weight": 0.24212035876088667, "min_split_gain": 0.0247841627740865, "n_estimators": 3695.271354902664, "num_leaves": 495.8396749840136}, "datetime": {"datetime": "2019-05-27 11:38:55", "elapsed": 3586.512149, "delta": 33.231908}}
{"target": -9.101794803600734, "params": {"bagging_fraction": 0.8709397735926796, "feature_fraction": 0.4150181899726402, "lambda_l1": 0.9220520292078876, "lambda_l2": 0.7248986561212272, "learning_rate": 0.04385671766234873, "max_depth": 199.64872656133386, "min_child_weight": 3.2177762216390304, "min_split_gain": 0.017419770412934594, "n_estimators": 577.1072091509297, "num_leaves": 15.668490505587865}, "datetime": {"datetime": "2019-05-27 11:39:30", "elapsed": 3621.01797, "delta": 34.505821}}
{"target": -9.099443588296323, "params": {"bagging_fraction": 0.8001504509422763, "feature_fraction": 0.5773754842470689, "lambda_l1": 2.084944587296005, "lambda_l2": 2.027280669783115, "learning_rate": 0.06816693509288393, "max_depth": 7.358831618048355, "min_child_weight": 0.10731418038905538, "min_split_gain": 0.009870530213948469, "n_estimators": 4615.549734036923, "num_leaves": 217.226962153241}, "datetime": {"datetime": "2019-05-27 11:40:08", "elapsed": 3659.369937, "delta": 38.351967}}
{"target": -9.155545032777052, "params": {"bagging_fraction": 0.9549521300633101, "feature_fraction": 0.7191707354317243, "lambda_l1": 2.9576550394507137, "lambda_l2": 2.619681336124595, "learning_rate": 0.09700203085111944, "max_depth": 185.13239124620384, "min_child_weight": 0.5121008720035369, "min_split_gain": 0.08323256618920089, "n_estimators": 4992.1829637813435, "num_leaves": 484.16367256315266}, "datetime": {"datetime": "2019-05-27 11:41:27", "elapsed": 3737.84041, "delta": 78.470473}}
{"target": -9.105828553888808, "params": {"bagging_fraction": 0.9952350424656109, "feature_fraction": 0.3887741526002369, "lambda_l1": 3.1977758574515374, "lambda_l2": 1.9315171960594952, "learning_rate": 0.0709354362084169, "max_depth": 197.46396961369297, "min_child_weight": 0.9274141509061451, "min_split_gain": 0.028080346249323304, "n_estimators": 4601.319069635802, "num_leaves": 90.56295859608835}, "datetime": {"datetime": "2019-05-27 11:42:00", "elapsed": 3771.654325, "delta": 33.813915}}
{"target": -9.085578473093177, "params": {"bagging_fraction": 0.9200780769507274, "feature_fraction": 0.5687847882711736, "lambda_l1": 0.6576731287462395, "lambda_l2": 0.3684037539879176, "learning_rate": 0.017253191748402442, "max_depth": 178.6205728767186, "min_child_weight": 0.7927503838617722, "min_split_gain": 0.09939733310275904, "n_estimators": 4999.302389819959, "num_leaves": 173.46515439675736}, "datetime": {"datetime": "2019-05-27 11:43:28", "elapsed": 3859.047191, "delta": 87.392866}}
{"target": -9.09963209114688, "params": {"bagging_fraction": 0.9353685754463354, "feature_fraction": 0.6605027196820011, "lambda_l1": 0.4935492946167441, "lambda_l2": 1.085937735025542, "learning_rate": 0.021746286675615588, "max_depth": 9.914089434361877, "min_child_weight": 0.3513419969863596, "min_split_gain": 0.04614918436278706, "n_estimators": 4157.630052529472, "num_leaves": 11.539330742038489}, "datetime": {"datetime": "2019-05-27 11:44:54", "elapsed": 3945.330497, "delta": 86.283306}}
{"target": -9.101181168189507, "params": {"bagging_fraction": 0.8001201394939268, "feature_fraction": 0.7347669693060491, "lambda_l1": 3.987063980312761, "lambda_l2": 0.00901569442141148, "learning_rate": 0.05246450143692969, "max_depth": 197.4046249753628, "min_child_weight": 1.0205358524224695, "min_split_gain": 0.041949426095012676, "n_estimators": 3571.6382871198434, "num_leaves": 14.671551083828978}, "datetime": {"datetime": "2019-05-27 11:45:37", "elapsed": 3987.87611, "delta": 42.545613}}
{"target": -9.16087645325592, "params": {"bagging_fraction": 0.9574401612933423, "feature_fraction": 0.3545667635154704, "lambda_l1": 1.348105588080939, "lambda_l2": 1.3136000300790323, "learning_rate": 0.059031498435204256, "max_depth": 190.95388109663395, "min_child_weight": 0.7195314906049777, "min_split_gain": 0.017183116667623313, "n_estimators": 3403.6863209095773, "num_leaves": 479.2838176128002}, "datetime": {"datetime": "2019-05-27 11:46:42", "elapsed": 4053.36795, "delta": 65.49184}}
{"target": -9.122729793323925, "params": {"bagging_fraction": 0.889857876738373, "feature_fraction": 0.37880145453324454, "lambda_l1": 0.13685248554959561, "lambda_l2": 2.5144909976039314, "learning_rate": 0.08124269720300732, "max_depth": 136.62774447667277, "min_child_weight": 0.7944762018216944, "min_split_gain": 0.04961288672560875, "n_estimators": 4536.151950770176, "num_leaves": 146.9086012687596}, "datetime": {"datetime": "2019-05-27 11:47:19", "elapsed": 4090.628698, "delta": 37.260748}}
{"target": -9.095161596702757, "params": {"bagging_fraction": 0.8617934351475033, "feature_fraction": 0.8316173118612997, "lambda_l1": 0.10766011949232657, "lambda_l2": 1.304563974805875, "learning_rate": 0.0111773510626855, "max_depth": 163.74089397956527, "min_child_weight": 9.053634969023289, "min_split_gain": 0.048344152020941604, "n_estimators": 4491.7527193072165, "num_leaves": 15.027601405217611}, "datetime": {"datetime": "2019-05-27 11:49:37", "elapsed": 4228.353718, "delta": 137.72502}}
{"target": -9.099275996887503, "params": {"bagging_fraction": 0.89319289218255, "feature_fraction": 0.7984357886889942, "lambda_l1": 2.669451921577712, "lambda_l2": 0.22595131619339603, "learning_rate": 0.05358924608212361, "max_depth": 5.245058055276674, "min_child_weight": 6.197577543751338, "min_split_gain": 0.08922854758917965, "n_estimators": 4192.875805802869, "num_leaves": 491.68441029043186}, "datetime": {"datetime": "2019-05-27 11:50:23", "elapsed": 4274.527576, "delta": 46.173858}}
{"target": -9.10783426687448, "params": {"bagging_fraction": 0.9091013565323007, "feature_fraction": 0.5720120409824263, "lambda_l1": 0.14457572687509856, "lambda_l2": 0.9775399621058297, "learning_rate": 0.08837319441126762, "max_depth": 53.39656646714359, "min_child_weight": 9.476633051097522, "min_split_gain": 0.04265610000799664, "n_estimators": 4725.282782486662, "num_leaves": 122.23180266678607}, "datetime": {"datetime": "2019-05-27 11:51:04", "elapsed": 4314.732812, "delta": 40.205236}}
{"target": -9.095275444577, "params": {"bagging_fraction": 0.9087856284166489, "feature_fraction": 0.8426892690273065, "lambda_l1": 2.079744621574367, "lambda_l2": 2.0599189214404428, "learning_rate": 0.06236352674186646, "max_depth": 5.986742651709517, "min_child_weight": 6.4451420039075895, "min_split_gain": 0.01024564602263476, "n_estimators": 4999.214250258029, "num_leaves": 465.38932796424}, "datetime": {"datetime": "2019-05-27 11:51:44", "elapsed": 4355.559592, "delta": 40.82678}}
{"target": -9.10948717271096, "params": {"bagging_fraction": 0.8957022983757402, "feature_fraction": 0.30459867258992585, "lambda_l1": 2.4770796102835053, "lambda_l2": 0.22189259988800936, "learning_rate": 0.06730286165527087, "max_depth": 6.303490620674565, "min_child_weight": 9.16818105927846, "min_split_gain": 0.02802316128714826, "n_estimators": 129.55290278716603, "num_leaves": 495.7957940176485}, "datetime": {"datetime": "2019-05-27 11:52:08", "elapsed": 4379.689188, "delta": 24.129596}}
{"target": -9.155920482756944, "params": {"bagging_fraction": 0.8886821492247304, "feature_fraction": 0.3300047216505258, "lambda_l1": 2.345269255328012, "lambda_l2": 1.219801222525053, "learning_rate": 0.06388068776514343, "max_depth": 199.27488686920344, "min_child_weight": 8.934644577545066, "min_split_gain": 0.08986730662902939, "n_estimators": 2657.9184776477846, "num_leaves": 380.4766947468535}, "datetime": {"datetime": "2019-05-27 11:53:03", "elapsed": 4434.672054, "delta": 54.982866}}
{"target": -9.09254286926062, "params": {"bagging_fraction": 0.9374293028058569, "feature_fraction": 0.7465765070713313, "lambda_l1": 4.962557770518136, "lambda_l2": 1.6933395751306008, "learning_rate": 0.04096560886231309, "max_depth": 6.397950109587573, "min_child_weight": 1.5664243361897456, "min_split_gain": 0.06021587688381133, "n_estimators": 2261.0667906081458, "num_leaves": 488.1413807660061}, "datetime": {"datetime": "2019-05-27 11:53:50", "elapsed": 4480.759436, "delta": 46.087382}}
