{"target": -9.086038931088712, "params": {"bagging_fraction": 0.9034595767693179, "feature_fraction": 0.8840887811444442, "lambda_l1": 2.2963792781907206, "lambda_l2": 0.8471875319013381, "learning_rate": 0.022883490962903607, "max_depth": 70.19109809755935, "min_child_weight": 0.16713920310005626, "min_split_gain": 0.03985180418003804, "n_estimators": 3109.3591189014055, "num_leaves": 129.45972750903633}, "datetime": {"datetime": "2019-05-29 02:19:20", "elapsed": 0.0, "delta": 0.0}}
{"target": -9.096178440952876, "params": {"bagging_fraction": 0.8004929762401772, "feature_fraction": 0.8652096547116315, "lambda_l1": 2.6548426151294207, "lambda_l2": 0.9012290680994428, "learning_rate": 0.05936860465625675, "max_depth": 97.95055702140894, "min_child_weight": 0.8450938221263111, "min_split_gain": 0.007442468466662155, "n_estimators": 1508.9851003509598, "num_leaves": 93.50098788050146}, "datetime": {"datetime": "2019-05-29 02:19:55", "elapsed": 35.416205, "delta": 35.416205}}
{"target": -9.107818106280742, "params": {"bagging_fraction": 0.9644932678206866, "feature_fraction": 0.7878549113880738, "lambda_l1": 0.33143314174102134, "lambda_l2": 0.0015864335078281666, "learning_rate": 0.09427445705269447, "max_depth": 18.44257198389303, "min_child_weight": 0.4215965261661597, "min_split_gain": 0.03530245457470588, "n_estimators": 4355.436167766048, "num_leaves": 134.29452558216303}, "datetime": {"datetime": "2019-05-29 02:20:29", "elapsed": 68.87401, "delta": 33.457805}}
{"target": -9.082169297837769, "params": {"bagging_fraction": 0.9657502968645512, "feature_fraction": 0.8153555514678115, "lambda_l1": 0.35768008255236805, "lambda_l2": 1.7891525181288266, "learning_rate": 0.013845873472812815, "max_depth": 12.365738714081832, "min_child_weight": 0.831205255690418, "min_split_gain": 0.04697417586324005, "n_estimators": 851.9617710636073, "num_leaves": 168.91283470697192}, "datetime": {"datetime": "2019-05-29 02:27:36", "elapsed": 495.717858, "delta": 426.843848}}
{"target": -9.093023878528298, "params": {"bagging_fraction": 0.9176971643684685, "feature_fraction": 0.8320839507227202, "lambda_l1": 1.96753637402071, "lambda_l2": 1.673120278435269, "learning_rate": 0.01864647939044419, "max_depth": 27.855435465711246, "min_child_weight": 0.5060546323688593, "min_split_gain": 0.04027782418415308, "n_estimators": 2441.12316794256, "num_leaves": 287.1645539155739}, "datetime": {"datetime": "2019-05-29 02:39:43", "elapsed": 1223.15317, "delta": 727.435312}}
{"target": -9.083474462675483, "params": {"bagging_fraction": 0.9803204385614761, "feature_fraction": 0.7517277965932545, "lambda_l1": 2.4621044554887446, "lambda_l2": 2.4831477782249434, "learning_rate": 0.02395150141260339, "max_depth": 12.51027120846839, "min_child_weight": 0.4657629264790665, "min_split_gain": 0.08801860503202305, "n_estimators": 780.1401405939746, "num_leaves": 77.06287854005298}, "datetime": {"datetime": "2019-05-29 02:58:24", "elapsed": 2344.274551, "delta": 1121.121381}}
{"target": -9.095291757724391, "params": {"bagging_fraction": 0.983589161140786, "feature_fraction": 0.6387190582818512, "lambda_l1": 2.7492231661975186, "lambda_l2": 0.7043926527338912, "learning_rate": 0.061982690095310745, "max_depth": 95.4008372001201, "min_child_weight": 0.25513081972233587, "min_split_gain": 0.04557525968615405, "n_estimators": 4863.963013111144, "num_leaves": 79.41758946687521}, "datetime": {"datetime": "2019-05-29 03:03:53", "elapsed": 2673.186864, "delta": 328.912313}}
{"target": -9.087054019009901, "params": {"bagging_fraction": 0.8397362605389258, "feature_fraction": 0.8063839130763083, "lambda_l1": 2.5350275840072154, "lambda_l2": 1.3599485454504152, "learning_rate": 0.011035632726159216, "max_depth": 64.17055720250309, "min_child_weight": 0.08347593685978472, "min_split_gain": 0.0062734423702448154, "n_estimators": 1760.1184659970177, "num_leaves": 272.58781531314537}, "datetime": {"datetime": "2019-05-29 03:18:56", "elapsed": 3576.231865, "delta": 903.045001}}
{"target": -9.099506911096409, "params": {"bagging_fraction": 0.9597200414701412, "feature_fraction": 0.7152680828245291, "lambda_l1": 0.27817801339963666, "lambda_l2": 0.3801750288597212, "learning_rate": 0.05390533084186655, "max_depth": 53.193898722141014, "min_child_weight": 0.5035347736778055, "min_split_gain": 0.013534070792780732, "n_estimators": 3966.88842572892, "num_leaves": 182.8548636957279}, "datetime": {"datetime": "2019-05-29 03:19:30", "elapsed": 3609.987473, "delta": 33.755608}}
{"target": -9.092782781932092, "params": {"bagging_fraction": 0.951553874539834, "feature_fraction": 0.7378092275664395, "lambda_l1": 0.2233776145935099, "lambda_l2": 1.8074635303994961, "learning_rate": 0.044124317782120615, "max_depth": 5.610688455667649, "min_child_weight": 0.04662987836169319, "min_split_gain": 0.04245549760058541, "n_estimators": 4397.415983285892, "num_leaves": 135.5751310594645}, "datetime": {"datetime": "2019-05-29 03:19:51", "elapsed": 3630.86172, "delta": 20.874247}}
{"target": -9.892866233219292, "params": {"bagging_fraction": 0.9286920420339411, "feature_fraction": 0.7705049326465188, "lambda_l1": 0.7205457046392362, "lambda_l2": 0.8871204093174803, "learning_rate": 0.0014974674488483076, "max_depth": 17.24488711479674, "min_child_weight": 0.5291550196786654, "min_split_gain": 0.06510200383030318, "n_estimators": 769.5416747462552, "num_leaves": 210.50288553364507}, "datetime": {"datetime": "2019-05-29 03:22:17", "elapsed": 3777.220643, "delta": 146.358923}}
{"target": -9.095688232050273, "params": {"bagging_fraction": 0.9211130389541264, "feature_fraction": 0.8890634340187302, "lambda_l1": 2.5285636531462288, "lambda_l2": 1.55494333517525, "learning_rate": 0.060744045514366955, "max_depth": 13.122097457529296, "min_child_weight": 0.9545544313492632, "min_split_gain": 0.08961499453411517, "n_estimators": 2813.818521517049, "num_leaves": 91.78475079416005}, "datetime": {"datetime": "2019-05-29 03:22:42", "elapsed": 3802.609991, "delta": 25.389348}}
{"target": -9.085227081951121, "params": {"bagging_fraction": 0.9278779757428528, "feature_fraction": 0.7251084321191154, "lambda_l1": 1.8816974992717674, "lambda_l2": 1.189291932363755, "learning_rate": 0.030879503227620595, "max_depth": 42.804740066005984, "min_child_weight": 0.8497845284188781, "min_split_gain": 0.08403513164206884, "n_estimators": 1462.6326628802751, "num_leaves": 108.26890044381967}, "datetime": {"datetime": "2019-05-29 03:23:18", "elapsed": 3838.190829, "delta": 35.580838}}
{"target": -9.0807828945403, "params": {"bagging_fraction": 0.8967783942656777, "feature_fraction": 0.7153474065951391, "lambda_l1": 0.9863620498204204, "lambda_l2": 1.5870095445380787, "learning_rate": 0.010591611464115348, "max_depth": 7.221093405821453, "min_child_weight": 0.19003865138660492, "min_split_gain": 0.09627192181282938, "n_estimators": 3816.732921894436, "num_leaves": 161.20322930273827}, "datetime": {"datetime": "2019-05-29 03:24:25", "elapsed": 3905.493545, "delta": 67.302716}}
{"target": -9.09901910608663, "params": {"bagging_fraction": 0.8244694459468227, "feature_fraction": 0.89957600432812, "lambda_l1": 2.664786455523565, "lambda_l2": 2.878934429783965, "learning_rate": 0.056913759466667053, "max_depth": 33.332125890223544, "min_child_weight": 0.1851929174833391, "min_split_gain": 0.07830442576140052, "n_estimators": 818.312994700004, "num_leaves": 184.32449559382053}, "datetime": {"datetime": "2019-05-29 03:25:07", "elapsed": 3946.875416, "delta": 41.381871}}
{"target": -9.11248093189865, "params": {"bagging_fraction": 0.8, "feature_fraction": 0.9, "lambda_l1": 3.0, "lambda_l2": 3.0, "learning_rate": 0.1, "max_depth": 100.0, "min_child_weight": 0.0, "min_split_gain": 0.1, "n_estimators": 864.1088224910458, "num_leaves": 130.9713453423775}, "datetime": {"datetime": "2019-05-29 03:25:51", "elapsed": 3990.974908, "delta": 44.099492}}
{"target": -9.108532808921682, "params": {"bagging_fraction": 0.9964898495064963, "feature_fraction": 0.7694386751875113, "lambda_l1": 0.9893589396931157, "lambda_l2": 1.9648220428449408, "learning_rate": 0.05481257079989109, "max_depth": 99.44040854521413, "min_child_weight": 0.5157484013866888, "min_split_gain": 0.03794266055573235, "n_estimators": 3463.4311953545403, "num_leaves": 249.6304953000353}, "datetime": {"datetime": "2019-05-29 03:26:48", "elapsed": 4048.641892, "delta": 57.666984}}
{"target": -9.080671503685233, "params": {"bagging_fraction": 0.9397558879953236, "feature_fraction": 0.6345805174983595, "lambda_l1": 1.3406963845248345, "lambda_l2": 0.5326214384520912, "learning_rate": 0.009210145318245069, "max_depth": 25.252324842079965, "min_child_weight": 0.9519419531100103, "min_split_gain": 0.09409952292672474, "n_estimators": 2096.365092587968, "num_leaves": 121.23470886535398}, "datetime": {"datetime": "2019-05-29 03:28:25", "elapsed": 4145.293616, "delta": 96.651724}}
{"target": -9.299526662980355, "params": {"bagging_fraction": 0.8, "feature_fraction": 0.7723241061489046, "lambda_l1": 0.0, "lambda_l2": 0.0, "learning_rate": 0.001, "max_depth": 100.0, "min_child_weight": 1.0, "min_split_gain": 0.001, "n_estimators": 2405.704929309572, "num_leaves": 10.0}, "datetime": {"datetime": "2019-05-29 03:30:16", "elapsed": 4256.227376, "delta": 110.93376}}
{"target": -9.082335390867804, "params": {"bagging_fraction": 0.8, "feature_fraction": 0.9, "lambda_l1": 0.0, "lambda_l2": 0.0, "learning_rate": 0.001, "max_depth": 100.0, "min_child_weight": 0.0, "min_split_gain": 0.001, "n_estimators": 4648.648384191954, "num_leaves": 300.0}, "datetime": {"datetime": "2019-05-29 03:47:51", "elapsed": 5311.002368, "delta": 1054.774992}}
{"target": -9.157364850766827, "params": {"bagging_fraction": 0.8, "feature_fraction": 0.9, "lambda_l1": 3.0, "lambda_l2": 3.0, "learning_rate": 0.1, "max_depth": 100.0, "min_child_weight": 0.0, "min_split_gain": 0.1, "n_estimators": 50.0, "num_leaves": 10.0}, "datetime": {"datetime": "2019-05-29 03:48:08", "elapsed": 5327.89155, "delta": 16.889182}}
{"target": -9.511298985124219, "params": {"bagging_fraction": 1.0, "feature_fraction": 0.6, "lambda_l1": 0.0, "lambda_l2": 3.0, "learning_rate": 0.001, "max_depth": 5.0, "min_child_weight": 0.0, "min_split_gain": 0.1, "n_estimators": 1822.5552591276103, "num_leaves": 10.0}, "datetime": {"datetime": "2019-05-29 03:49:24", "elapsed": 5403.992767, "delta": 76.101217}}
{"target": -9.102531573484109, "params": {"bagging_fraction": 0.8, "feature_fraction": 0.7363385088704275, "lambda_l1": 0.0, "lambda_l2": 3.0, "learning_rate": 0.001, "max_depth": 5.0, "min_child_weight": 1.0, "min_split_gain": 0.1, "n_estimators": 5000.0, "num_leaves": 300.0}, "datetime": {"datetime": "2019-05-29 03:53:54", "elapsed": 5673.917596, "delta": 269.924829}}
{"target": -9.114918030802954, "params": {"bagging_fraction": 0.8, "feature_fraction": 0.6, "lambda_l1": 3.0, "lambda_l2": 0.0, "learning_rate": 0.1, "max_depth": 5.0, "min_child_weight": 0.0, "min_split_gain": 0.001, "n_estimators": 3547.4837618957986, "num_leaves": 10.0}, "datetime": {"datetime": "2019-05-29 03:54:20", "elapsed": 5699.844466, "delta": 25.92687}}
{"target": -9.113783961941861, "params": {"bagging_fraction": 0.8, "feature_fraction": 0.9, "lambda_l1": 0.0, "lambda_l2": 0.0, "learning_rate": 0.1, "max_depth": 5.0, "min_child_weight": 1.0, "min_split_gain": 0.1, "n_estimators": 50.0, "num_leaves": 300.0}, "datetime": {"datetime": "2019-05-29 03:54:40", "elapsed": 5719.728332, "delta": 19.883866}}
{"target": -9.132448023054506, "params": {"bagging_fraction": 1.0, "feature_fraction": 0.6, "lambda_l1": 0.0, "lambda_l2": 3.0, "learning_rate": 0.001, "max_depth": 100.0, "min_child_weight": 0.0, "min_split_gain": 0.001, "n_estimators": 2901.820949610729, "num_leaves": 300.0}, "datetime": {"datetime": "2019-05-29 04:03:46", "elapsed": 6265.820253, "delta": 546.091921}}
{"target": -9.135739339358631, "params": {"bagging_fraction": 0.8, "feature_fraction": 0.9, "lambda_l1": 3.0, "lambda_l2": 3.0, "learning_rate": 0.1, "max_depth": 100.0, "min_child_weight": 0.0, "min_split_gain": 0.1, "n_estimators": 1297.2304237463845, "num_leaves": 300.0}, "datetime": {"datetime": "2019-05-29 04:04:47", "elapsed": 6327.298823, "delta": 61.47857}}
{"target": -9.116220848376084, "params": {"bagging_fraction": 1.0, "feature_fraction": 0.6, "lambda_l1": 3.0, "lambda_l2": 0.0, "learning_rate": 0.1, "max_depth": 100.0, "min_child_weight": 1.0, "min_split_gain": 0.1, "n_estimators": 4604.612475318334, "num_leaves": 10.0}, "datetime": {"datetime": "2019-05-29 04:05:13", "elapsed": 6353.098855, "delta": 25.800032}}
{"target": -9.135739339358631, "params": {"bagging_fraction": 0.8, "feature_fraction": 0.9, "lambda_l1": 3.0, "lambda_l2": 3.0, "learning_rate": 0.1, "max_depth": 100.0, "min_child_weight": 1.0, "min_split_gain": 0.1, "n_estimators": 2168.0491571107077, "num_leaves": 300.0}, "datetime": {"datetime": "2019-05-29 04:06:15", "elapsed": 6415.140312, "delta": 62.041457}}
{"target": -9.097127739622291, "params": {"bagging_fraction": 0.860790027092418, "feature_fraction": 0.8181785676823154, "lambda_l1": 0.6699290945582218, "lambda_l2": 0.07048272617331852, "learning_rate": 0.044877297973800474, "max_depth": 28.796663550724713, "min_child_weight": 0.8745875582576521, "min_split_gain": 0.02673505941321826, "n_estimators": 832.7678920320418, "num_leaves": 166.37088762930532}, "datetime": {"datetime": "2019-05-29 04:06:54", "elapsed": 6454.353939, "delta": 39.213627}}
