{"target": -9.086038931088712, "params": {"bagging_fraction": 0.9034595767693179, "feature_fraction": 0.8840887811444442, "lambda_l1": 2.2963792781907206, "lambda_l2": 0.8471875319013381, "learning_rate": 0.022883490962903607, "max_depth": 70.19109809755935, "min_child_weight": 0.16713920310005626, "min_split_gain": 0.03985180418003804, "n_estimators": 3109.3591189014055, "num_leaves": 129.45972750903633}, "datetime": {"datetime": "2019-05-29 00:15:05", "elapsed": 0.0, "delta": 0.0}}
{"target": -9.096178440952876, "params": {"bagging_fraction": 0.8004929762401772, "feature_fraction": 0.8652096547116315, "lambda_l1": 2.6548426151294207, "lambda_l2": 0.9012290680994428, "learning_rate": 0.05936860465625675, "max_depth": 97.95055702140894, "min_child_weight": 0.8450938221263111, "min_split_gain": 0.007442468466662155, "n_estimators": 1508.9851003509598, "num_leaves": 93.50098788050146}, "datetime": {"datetime": "2019-05-29 00:15:38", "elapsed": 33.555961, "delta": 33.555961}}
{"target": -9.107818106280742, "params": {"bagging_fraction": 0.9644932678206866, "feature_fraction": 0.7878549113880738, "lambda_l1": 0.33143314174102134, "lambda_l2": 0.0015864335078281666, "learning_rate": 0.09427445705269447, "max_depth": 18.44257198389303, "min_child_weight": 0.4215965261661597, "min_split_gain": 0.03530245457470588, "n_estimators": 4355.436167766048, "num_leaves": 134.29452558216303}, "datetime": {"datetime": "2019-05-29 00:16:09", "elapsed": 64.107905, "delta": 30.551944}}
{"target": -9.082169297837769, "params": {"bagging_fraction": 0.9657502968645512, "feature_fraction": 0.8153555514678115, "lambda_l1": 0.35768008255236805, "lambda_l2": 1.7891525181288266, "learning_rate": 0.013845873472812815, "max_depth": 12.365738714081832, "min_child_weight": 0.831205255690418, "min_split_gain": 0.04697417586324005, "n_estimators": 851.9617710636073, "num_leaves": 168.91283470697192}, "datetime": {"datetime": "2019-05-29 00:17:49", "elapsed": 164.850325, "delta": 100.74242}}
{"target": -9.093023878528298, "params": {"bagging_fraction": 0.9176971643684685, "feature_fraction": 0.8320839507227202, "lambda_l1": 1.96753637402071, "lambda_l2": 1.673120278435269, "learning_rate": 0.01864647939044419, "max_depth": 27.855435465711246, "min_child_weight": 0.5060546323688593, "min_split_gain": 0.04027782418415308, "n_estimators": 2441.12316794256, "num_leaves": 287.1645539155739}, "datetime": {"datetime": "2019-05-29 00:24:34", "elapsed": 568.945817, "delta": 404.095492}}
{"target": -9.083474462675483, "params": {"bagging_fraction": 0.9803204385614761, "feature_fraction": 0.7517277965932545, "lambda_l1": 2.4621044554887446, "lambda_l2": 2.4831477782249434, "learning_rate": 0.02395150141260339, "max_depth": 12.51027120846839, "min_child_weight": 0.4657629264790665, "min_split_gain": 0.08801860503202305, "n_estimators": 780.1401405939746, "num_leaves": 77.06287854005298}, "datetime": {"datetime": "2019-05-29 00:28:34", "elapsed": 809.671651, "delta": 240.725834}}
{"target": -9.095291757724391, "params": {"bagging_fraction": 0.983589161140786, "feature_fraction": 0.6387190582818512, "lambda_l1": 2.7492231661975186, "lambda_l2": 0.7043926527338912, "learning_rate": 0.061982690095310745, "max_depth": 95.4008372001201, "min_child_weight": 0.25513081972233587, "min_split_gain": 0.04557525968615405, "n_estimators": 4863.963013111144, "num_leaves": 79.41758946687521}, "datetime": {"datetime": "2019-05-29 00:29:05", "elapsed": 840.329039, "delta": 30.657388}}
{"target": -9.087054019009901, "params": {"bagging_fraction": 0.8397362605389258, "feature_fraction": 0.8063839130763083, "lambda_l1": 2.5350275840072154, "lambda_l2": 1.3599485454504152, "learning_rate": 0.011035632726159216, "max_depth": 64.17055720250309, "min_child_weight": 0.08347593685978472, "min_split_gain": 0.0062734423702448154, "n_estimators": 1760.1184659970177, "num_leaves": 272.58781531314537}, "datetime": {"datetime": "2019-05-29 00:33:14", "elapsed": 1089.867027, "delta": 249.537988}}
{"target": -9.099506911096409, "params": {"bagging_fraction": 0.9597200414701412, "feature_fraction": 0.7152680828245291, "lambda_l1": 0.27817801339963666, "lambda_l2": 0.3801750288597212, "learning_rate": 0.05390533084186655, "max_depth": 53.193898722141014, "min_child_weight": 0.5035347736778055, "min_split_gain": 0.013534070792780732, "n_estimators": 3966.88842572892, "num_leaves": 182.8548636957279}, "datetime": {"datetime": "2019-05-29 00:34:23", "elapsed": 1158.844175, "delta": 68.977148}}
{"target": -9.092782781932092, "params": {"bagging_fraction": 0.951553874539834, "feature_fraction": 0.7378092275664395, "lambda_l1": 0.2233776145935099, "lambda_l2": 1.8074635303994961, "learning_rate": 0.044124317782120615, "max_depth": 5.610688455667649, "min_child_weight": 0.04662987836169319, "min_split_gain": 0.04245549760058541, "n_estimators": 4397.415983285892, "num_leaves": 135.5751310594645}, "datetime": {"datetime": "2019-05-29 00:34:58", "elapsed": 1193.78363, "delta": 34.939455}}
{"target": -9.892866233219292, "params": {"bagging_fraction": 0.9286920420339411, "feature_fraction": 0.7705049326465188, "lambda_l1": 0.7205457046392362, "lambda_l2": 0.8871204093174803, "learning_rate": 0.0014974674488483076, "max_depth": 17.24488711479674, "min_child_weight": 0.5291550196786654, "min_split_gain": 0.06510200383030318, "n_estimators": 769.5416747462552, "num_leaves": 210.50288553364507}, "datetime": {"datetime": "2019-05-29 00:50:29", "elapsed": 2124.07404, "delta": 930.29041}}
{"target": -9.095688232050273, "params": {"bagging_fraction": 0.9211130389541264, "feature_fraction": 0.8890634340187302, "lambda_l1": 2.5285636531462288, "lambda_l2": 1.55494333517525, "learning_rate": 0.060744045514366955, "max_depth": 13.122097457529296, "min_child_weight": 0.9545544313492632, "min_split_gain": 0.08961499453411517, "n_estimators": 2813.818521517049, "num_leaves": 91.78475079416005}, "datetime": {"datetime": "2019-05-29 00:54:04", "elapsed": 2339.234285, "delta": 215.160245}}
{"target": -9.085227081951123, "params": {"bagging_fraction": 0.9278779757428528, "feature_fraction": 0.7251084321191154, "lambda_l1": 1.8816974992717674, "lambda_l2": 1.189291932363755, "learning_rate": 0.030879503227620595, "max_depth": 42.804740066005984, "min_child_weight": 0.8497845284188781, "min_split_gain": 0.08403513164206884, "n_estimators": 1462.6326628802751, "num_leaves": 108.26890044381967}, "datetime": {"datetime": "2019-05-29 00:57:02", "elapsed": 2517.726882, "delta": 178.492597}}
{"target": -9.0807828945403, "params": {"bagging_fraction": 0.8967783942656777, "feature_fraction": 0.7153474065951391, "lambda_l1": 0.9863620498204204, "lambda_l2": 1.5870095445380787, "learning_rate": 0.010591611464115348, "max_depth": 7.221093405821453, "min_child_weight": 0.19003865138660492, "min_split_gain": 0.09627192181282938, "n_estimators": 3816.732921894436, "num_leaves": 161.20322930273827}, "datetime": {"datetime": "2019-05-29 01:02:30", "elapsed": 2845.422951, "delta": 327.696069}}
{"target": -9.09901910608663, "params": {"bagging_fraction": 0.8244694459468227, "feature_fraction": 0.89957600432812, "lambda_l1": 2.664786455523565, "lambda_l2": 2.878934429783965, "learning_rate": 0.056913759466667053, "max_depth": 33.332125890223544, "min_child_weight": 0.1851929174833391, "min_split_gain": 0.07830442576140052, "n_estimators": 818.312994700004, "num_leaves": 184.32449559382053}, "datetime": {"datetime": "2019-05-29 01:08:48", "elapsed": 3223.174799, "delta": 377.751848}}
{"target": -9.081227746395028, "params": {"bagging_fraction": 0.9476080048603012, "feature_fraction": 0.7698942296932013, "lambda_l1": 2.3831379190916877, "lambda_l2": 2.7817800514457165, "learning_rate": 0.009005359813664408, "max_depth": 16.069193059428464, "min_child_weight": 0.11380123623093197, "min_split_gain": 0.029505362160034927, "n_estimators": 2779.4419008197274, "num_leaves": 138.94663973070206}, "datetime": {"datetime": "2019-05-29 01:25:17", "elapsed": 4212.102031, "delta": 988.927232}}
{"target": -9.082608500405986, "params": {"bagging_fraction": 0.8898993965455767, "feature_fraction": 0.8065964873608416, "lambda_l1": 0.446544074678087, "lambda_l2": 0.3589575673178078, "learning_rate": 0.014924694437824387, "max_depth": 85.23866095230302, "min_child_weight": 0.3715337771299658, "min_split_gain": 0.061522034273664476, "n_estimators": 4558.003745810968, "num_leaves": 63.084303363465445}, "datetime": {"datetime": "2019-05-29 01:31:43", "elapsed": 4597.987497, "delta": 385.885466}}
{"target": -9.083200625221576, "params": {"bagging_fraction": 0.8100238059326766, "feature_fraction": 0.6790663159080158, "lambda_l1": 1.1409220885692064, "lambda_l2": 1.6076656207213815, "learning_rate": 0.021387334738827625, "max_depth": 76.9829199841697, "min_child_weight": 0.6172414937569317, "min_split_gain": 0.07811229614147602, "n_estimators": 1011.5754333472191, "num_leaves": 81.3354205277053}, "datetime": {"datetime": "2019-05-29 01:37:33", "elapsed": 4948.478103, "delta": 350.490606}}
{"target": -9.08372716268762, "params": {"bagging_fraction": 0.9281127023696899, "feature_fraction": 0.7200322079930853, "lambda_l1": 2.8881644086565474, "lambda_l2": 2.2910039804968574, "learning_rate": 0.017908340427899367, "max_depth": 16.32174902862807, "min_child_weight": 0.33026965314873746, "min_split_gain": 0.08006357244449991, "n_estimators": 3045.1806802988663, "num_leaves": 73.07330454726544}, "datetime": {"datetime": "2019-05-29 01:39:05", "elapsed": 5040.120593, "delta": 91.64249}}
{"target": -9.108366881242654, "params": {"bagging_fraction": 0.8057547993792568, "feature_fraction": 0.7538440681601416, "lambda_l1": 2.8186165729314494, "lambda_l2": 1.7296460873264095, "learning_rate": 0.09537086725414248, "max_depth": 50.665239070506104, "min_child_weight": 0.990790895888886, "min_split_gain": 0.04983158172443418, "n_estimators": 4147.942719357711, "num_leaves": 90.12190970635284}, "datetime": {"datetime": "2019-05-29 01:39:36", "elapsed": 5071.178517, "delta": 31.057924}}
{"target": -9.109965359800645, "params": {"bagging_fraction": 0.8, "feature_fraction": 0.9, "lambda_l1": 3.0, "lambda_l2": 3.0, "learning_rate": 0.1, "max_depth": 100.0, "min_child_weight": 0.0, "min_split_gain": 0.1, "n_estimators": 854.9314752292842, "num_leaves": 128.76498729547438}, "datetime": {"datetime": "2019-05-29 01:40:49", "elapsed": 5144.350087, "delta": 73.17157}}
{"target": -9.135739339358631, "params": {"bagging_fraction": 0.8, "feature_fraction": 0.9, "lambda_l1": 3.0, "lambda_l2": 3.0, "learning_rate": 0.1, "max_depth": 100.0, "min_child_weight": 0.0, "min_split_gain": 0.1, "n_estimators": 1195.861465354025, "num_leaves": 300.0}, "datetime": {"datetime": "2019-05-29 01:42:22", "elapsed": 5237.556072, "delta": 93.205985}}
{"target": -9.392901866749778, "params": {"bagging_fraction": 0.8, "feature_fraction": 0.6, "lambda_l1": 0.0, "lambda_l2": 0.0, "learning_rate": 0.001, "max_depth": 5.0, "min_child_weight": 0.0, "min_split_gain": 0.001, "n_estimators": 2100.712746978673, "num_leaves": 10.0}, "datetime": {"datetime": "2019-05-29 01:44:48", "elapsed": 5383.871233, "delta": 146.315161}}
{"target": -9.111972400023914, "params": {"bagging_fraction": 0.8, "feature_fraction": 0.9, "lambda_l1": 3.0, "lambda_l2": 3.0, "learning_rate": 0.1, "max_depth": 100.0, "min_child_weight": 0.9016412822743985, "min_split_gain": 0.1, "n_estimators": 3479.6004498152092, "num_leaves": 10.0}, "datetime": {"datetime": "2019-05-29 01:45:59", "elapsed": 5454.032736, "delta": 70.161503}}
{"target": -9.157364850766827, "params": {"bagging_fraction": 0.8, "feature_fraction": 0.9, "lambda_l1": 3.0, "lambda_l2": 3.0, "learning_rate": 0.1, "max_depth": 100.0, "min_child_weight": 0.0, "min_split_gain": 0.1, "n_estimators": 50.0, "num_leaves": 10.0}, "datetime": {"datetime": "2019-05-29 01:46:37", "elapsed": 5492.511715, "delta": 38.478979}}
{"target": -9.136800446214268, "params": {"bagging_fraction": 1.0, "feature_fraction": 0.6, "lambda_l1": 0.0, "lambda_l2": 0.0, "learning_rate": 0.001, "max_depth": 5.0, "min_child_weight": 0.0, "min_split_gain": 0.1, "n_estimators": 3446.2960000758467, "num_leaves": 300.0}, "datetime": {"datetime": "2019-05-29 02:04:45", "elapsed": 6580.535394, "delta": 1088.023679}}
{"target": -9.104417776519105, "params": {"bagging_fraction": 0.8, "feature_fraction": 0.6, "lambda_l1": 0.0, "lambda_l2": 3.0, "learning_rate": 0.001, "max_depth": 5.0, "min_child_weight": 0.0, "min_split_gain": 0.001, "n_estimators": 5000.0, "num_leaves": 300.0}, "datetime": {"datetime": "2019-05-29 02:13:29", "elapsed": 7104.161945, "delta": 523.626551}}
{"target": -9.112672541286399, "params": {"bagging_fraction": 0.8, "feature_fraction": 0.9, "lambda_l1": 3.0, "lambda_l2": 3.0, "learning_rate": 0.1, "max_depth": 5.0, "min_child_weight": 0.0, "min_split_gain": 0.001, "n_estimators": 1218.5369618965353, "num_leaves": 10.0}, "datetime": {"datetime": "2019-05-29 02:14:04", "elapsed": 7139.329761, "delta": 35.167816}}
{"target": -9.107487839829865, "params": {"bagging_fraction": 0.8, "feature_fraction": 0.9, "lambda_l1": 3.0, "lambda_l2": 0.0, "learning_rate": 0.1, "max_depth": 5.0, "min_child_weight": 1.0, "min_split_gain": 0.1, "n_estimators": 4668.6440573120135, "num_leaves": 300.0}, "datetime": {"datetime": "2019-05-29 02:14:57", "elapsed": 7192.323232, "delta": 52.993471}}
{"target": -9.118508943586622, "params": {"bagging_fraction": 0.8, "feature_fraction": 0.6, "lambda_l1": 3.0, "lambda_l2": 0.0, "learning_rate": 0.1, "max_depth": 5.0, "min_child_weight": 1.0, "min_split_gain": 0.001, "n_estimators": 50.0, "num_leaves": 300.0}, "datetime": {"datetime": "2019-05-29 02:15:21", "elapsed": 7216.01683, "delta": 23.693598}}
